#! /usr/bin/vvp
:ivl_version "12.0 (stable)" "(v12_0-dirty)";
:ivl_delay_selection "TYPICAL";
:vpi_time_precision - 12;
:vpi_module "/usr/lib/ivl/system.vpi";
:vpi_module "/usr/lib/ivl/vhdl_sys.vpi";
:vpi_module "/usr/lib/ivl/vhdl_textio.vpi";
:vpi_module "/usr/lib/ivl/v2005_math.vpi";
:vpi_module "/usr/lib/ivl/va_math.vpi";
S_0x560e1de43c50 .scope module, "main" "main" 2 1;
 .timescale 0 0;
    .port_info 0 /INPUT 1 "clk";
    .port_info 1 /OUTPUT 1 "clk_en";
    .port_info 2 /OUTPUT 12 "dac";
    .port_info 3 /OUTPUT 12 "dac_en";
    .port_info 4 /INPUT 4 "comm_line";
    .port_info 5 /OUTPUT 4 "comm_line_en";
P_0x560e1de25820 .param/l "IDLE" 1 2 20, C4<00000>;
P_0x560e1de25860 .param/l "IMPULSE_WIDTH" 0 2 66, C4<0000000111000110>;
P_0x560e1de258a0 .param/l "ST_D0" 1 2 22, C4<00010>;
P_0x560e1de258e0 .param/l "ST_D1" 1 2 23, C4<00011>;
P_0x560e1de25920 .param/l "ST_D2" 1 2 24, C4<00100>;
P_0x560e1de25960 .param/l "ST_D3" 1 2 25, C4<00101>;
P_0x560e1de259a0 .param/l "ST_D4" 1 2 26, C4<00110>;
P_0x560e1de259e0 .param/l "ST_D5" 1 2 27, C4<00111>;
P_0x560e1de25a20 .param/l "ST_D6" 1 2 28, C4<01000>;
P_0x560e1de25a60 .param/l "ST_D7" 1 2 29, C4<01001>;
P_0x560e1de25aa0 .param/l "ST_IMP" 1 2 32, C4<01100>;
P_0x560e1de25ae0 .param/l "ST_RAMP" 1 2 34, C4<01110>;
P_0x560e1de25b20 .param/l "ST_SIN" 1 2 30, C4<01010>;
P_0x560e1de25b60 .param/l "ST_SQ" 1 2 33, C4<01101>;
P_0x560e1de25ba0 .param/l "ST_TRI" 1 2 31, C4<01011>;
P_0x560e1de25be0 .param/l "ST_WAVE" 1 2 21, C4<00001>;
L_0x560e1de05bd0 .functor NOT 1, v0x560e1de76360_0, C4<0>, C4<0>, C4<0>;
L_0x560e1de4b0f0 .functor AND 1, L_0x560e1de87640, L_0x560e1de05bd0, C4<1>, C4<1>;
L_0x560e1de87820 .functor NOT 1, L_0x560e1de87640, C4<0>, C4<0>, C4<0>;
L_0x560e1de87890 .functor AND 1, L_0x560e1de87820, v0x560e1de76360_0, C4<1>, C4<1>;
v0x560e1de4b210_0 .var "CLK_DIV", 23 0;
v0x560e1de75c50_0 .net *"_ivl_10", 0 0, L_0x560e1de05bd0;  1 drivers
v0x560e1de75d30_0 .net *"_ivl_14", 0 0, L_0x560e1de87820;  1 drivers
o0x7f400ea970a8 .functor BUFZ 1, C4<z>; HiZ drive
v0x560e1de75df0_0 .net "clk", 0 0, o0x7f400ea970a8;  0 drivers
v0x560e1de75eb0_0 .var "clk_counter", 23 0;
L_0x7f400e4a8018 .functor BUFT 1, C4<1>, C4<0>, C4<0>, C4<0>;
v0x560e1de75fe0_0 .net "clk_en", 0 0, L_0x7f400e4a8018;  1 drivers
o0x7f400ea97138 .functor BUFZ 4, C4<zzzz>; HiZ drive
v0x560e1de760c0_0 .net "comm_line", 3 0, o0x7f400ea97138;  0 drivers
L_0x7f400e4a80a8 .functor BUFT 1, C4<0000>, C4<0>, C4<0>, C4<0>;
v0x560e1de761a0_0 .net "comm_line_en", 3 0, L_0x7f400e4a80a8;  1 drivers
v0x560e1de762a0_0 .net "ctrl", 0 0, L_0x560e1de87640;  1 drivers
v0x560e1de76360_0 .var "ctrl_d", 0 0;
v0x560e1de76420_0 .net "ctrl_fall", 0 0, L_0x560e1de87890;  1 drivers
v0x560e1de764e0_0 .net "ctrl_rise", 0 0, L_0x560e1de4b0f0;  1 drivers
v0x560e1de765a0_0 .var "dac", 11 0;
L_0x7f400e4a8060 .functor BUFT 1, C4<111111111111>, C4<0>, C4<0>, C4<0>;
v0x560e1de766a0_0 .net "dac_en", 11 0, L_0x7f400e4a8060;  1 drivers
v0x560e1de767a0_0 .net "data", 2 0, L_0x560e1de876e0;  1 drivers
v0x560e1de76880_0 .var "impulse_counter", 15 0;
v0x560e1de76960_0 .var "impulse_done", 0 0;
v0x560e1de76b30_0 .var "next_state", 4 0;
v0x560e1de76c10_0 .var "ramp_step_counter", 23 0;
v0x560e1de76cf0_0 .var "ramp_value", 11 0;
v0x560e1de76dd0_0 .var "sine_clk_div", 23 0;
v0x560e1de76eb0 .array "sine_lut", 127 0, 11 0;
v0x560e1de76f70_0 .var "sine_phase", 6 0;
v0x560e1de77050_0 .var "state", 4 0;
v0x560e1de77130_0 .var "tri_direction", 0 0;
v0x560e1de771f0_0 .var "tri_step_counter", 23 0;
v0x560e1de772d0_0 .var "tri_value", 11 0;
v0x560e1de773b0_0 .var "wave", 2 0;
v0x560e1de77490_0 .var "wave_state", 0 0;
E_0x560e1de1a7a0 .event posedge, v0x560e1de75df0_0;
E_0x560e1de1ac80 .event anyedge, v0x560e1de77050_0, v0x560e1de764e0_0, v0x560e1de76420_0, v0x560e1de773b0_0;
L_0x560e1de87640 .part o0x7f400ea97138, 0, 1;
L_0x560e1de876e0 .part o0x7f400ea97138, 1, 3;
S_0x560e1de12640 .scope module, "td1_tb" "td1_tb" 3 5;
 .timescale -9 -12;
    .scope S_0x560e1de43c50;
T_0 ;
    %wait E_0x560e1de1a7a0;
    %load/vec4 v0x560e1de762a0_0;
    %assign/vec4 v0x560e1de76360_0, 0;
    %jmp T_0;
    .thread T_0;
    .scope S_0x560e1de43c50;
T_1 ;
    %pushi/vec4 2048, 0, 12;
    %ix/load 4, 0, 0;
    %flag_set/imm 4, 0;
    %store/vec4a v0x560e1de76eb0, 4, 0;
    %pushi/vec4 2148, 0, 12;
    %ix/load 4, 1, 0;
    %flag_set/imm 4, 0;
    %store/vec4a v0x560e1de76eb0, 4, 0;
    %pushi/vec4 2248, 0, 12;
    %ix/load 4, 2, 0;
    %flag_set/imm 4, 0;
    %store/vec4a v0x560e1de76eb0, 4, 0;
    %pushi/vec4 2348, 0, 12;
    %ix/load 4, 3, 0;
    %flag_set/imm 4, 0;
    %store/vec4a v0x560e1de76eb0, 4, 0;
    %pushi/vec4 2447, 0, 12;
    %ix/load 4, 4, 0;
    %flag_set/imm 4, 0;
    %store/vec4a v0x560e1de76eb0, 4, 0;
    %pushi/vec4 2545, 0, 12;
    %ix/load 4, 5, 0;
    %flag_set/imm 4, 0;
    %store/vec4a v0x560e1de76eb0, 4, 0;
    %pushi/vec4 2642, 0, 12;
    %ix/load 4, 6, 0;
    %flag_set/imm 4, 0;
    %store/vec4a v0x560e1de76eb0, 4, 0;
    %pushi/vec4 2737, 0, 12;
    %ix/load 4, 7, 0;
    %flag_set/imm 4, 0;
    %store/vec4a v0x560e1de76eb0, 4, 0;
    %pushi/vec4 2831, 0, 12;
    %ix/load 4, 8, 0;
    %flag_set/imm 4, 0;
    %store/vec4a v0x560e1de76eb0, 4, 0;
    %pushi/vec4 2923, 0, 12;
    %ix/load 4, 9, 0;
    %flag_set/imm 4, 0;
    %store/vec4a v0x560e1de76eb0, 4, 0;
    %pushi/vec4 3013, 0, 12;
    %ix/load 4, 10, 0;
    %flag_set/imm 4, 0;
    %store/vec4a v0x560e1de76eb0, 4, 0;
    %pushi/vec4 3100, 0, 12;
    %ix/load 4, 11, 0;
    %flag_set/imm 4, 0;
    %store/vec4a v0x560e1de76eb0, 4, 0;
    %pushi/vec4 3185, 0, 12;
    %ix/load 4, 12, 0;
    %flag_set/imm 4, 0;
    %store/vec4a v0x560e1de76eb0, 4, 0;
    %pushi/vec4 3267, 0, 12;
    %ix/load 4, 13, 0;
    %flag_set/imm 4, 0;
    %store/vec4a v0x560e1de76eb0, 4, 0;
    %pushi/vec4 3346, 0, 12;
    %ix/load 4, 14, 0;
    %flag_set/imm 4, 0;
    %store/vec4a v0x560e1de76eb0, 4, 0;
    %pushi/vec4 3423, 0, 12;
    %ix/load 4, 15, 0;
    %flag_set/imm 4, 0;
    %store/vec4a v0x560e1de76eb0, 4, 0;
    %pushi/vec4 3495, 0, 12;
    %ix/load 4, 16, 0;
    %flag_set/imm 4, 0;
    %store/vec4a v0x560e1de76eb0, 4, 0;
    %pushi/vec4 3565, 0, 12;
    %ix/load 4, 17, 0;
    %flag_set/imm 4, 0;
    %store/vec4a v0x560e1de76eb0, 4, 0;
    %pushi/vec4 3630, 0, 12;
    %ix/load 4, 18, 0;
    %flag_set/imm 4, 0;
    %store/vec4a v0x560e1de76eb0, 4, 0;
    %pushi/vec4 3692, 0, 12;
    %ix/load 4, 19, 0;
    %flag_set/imm 4, 0;
    %store/vec4a v0x560e1de76eb0, 4, 0;
    %pushi/vec4 3750, 0, 12;
    %ix/load 4, 20, 0;
    %flag_set/imm 4, 0;
    %store/vec4a v0x560e1de76eb0, 4, 0;
    %pushi/vec4 3804, 0, 12;
    %ix/load 4, 21, 0;
    %flag_set/imm 4, 0;
    %store/vec4a v0x560e1de76eb0, 4, 0;
    %pushi/vec4 3853, 0, 12;
    %ix/load 4, 22, 0;
    %flag_set/imm 4, 0;
    %store/vec4a v0x560e1de76eb0, 4, 0;
    %pushi/vec4 3898, 0, 12;
    %ix/load 4, 23, 0;
    %flag_set/imm 4, 0;
    %store/vec4a v0x560e1de76eb0, 4, 0;
    %pushi/vec4 3939, 0, 12;
    %ix/load 4, 24, 0;
    %flag_set/imm 4, 0;
    %store/vec4a v0x560e1de76eb0, 4, 0;
    %pushi/vec4 3975, 0, 12;
    %ix/load 4, 25, 0;
    %flag_set/imm 4, 0;
    %store/vec4a v0x560e1de76eb0, 4, 0;
    %pushi/vec4 4007, 0, 12;
    %ix/load 4, 26, 0;
    %flag_set/imm 4, 0;
    %store/vec4a v0x560e1de76eb0, 4, 0;
    %pushi/vec4 4034, 0, 12;
    %ix/load 4, 27, 0;
    %flag_set/imm 4, 0;
    %store/vec4a v0x560e1de76eb0, 4, 0;
    %pushi/vec4 4056, 0, 12;
    %ix/load 4, 28, 0;
    %flag_set/imm 4, 0;
    %store/vec4a v0x560e1de76eb0, 4, 0;
    %pushi/vec4 4073, 0, 12;
    %ix/load 4, 29, 0;
    %flag_set/imm 4, 0;
    %store/vec4a v0x560e1de76eb0, 4, 0;
    %pushi/vec4 4085, 0, 12;
    %ix/load 4, 30, 0;
    %flag_set/imm 4, 0;
    %store/vec4a v0x560e1de76eb0, 4, 0;
    %pushi/vec4 4093, 0, 12;
    %ix/load 4, 31, 0;
    %flag_set/imm 4, 0;
    %store/vec4a v0x560e1de76eb0, 4, 0;
    %pushi/vec4 4095, 0, 12;
    %ix/load 4, 32, 0;
    %flag_set/imm 4, 0;
    %store/vec4a v0x560e1de76eb0, 4, 0;
    %pushi/vec4 4093, 0, 12;
    %ix/load 4, 33, 0;
    %flag_set/imm 4, 0;
    %store/vec4a v0x560e1de76eb0, 4, 0;
    %pushi/vec4 4085, 0, 12;
    %ix/load 4, 34, 0;
    %flag_set/imm 4, 0;
    %store/vec4a v0x560e1de76eb0, 4, 0;
    %pushi/vec4 4073, 0, 12;
    %ix/load 4, 35, 0;
    %flag_set/imm 4, 0;
    %store/vec4a v0x560e1de76eb0, 4, 0;
    %pushi/vec4 4056, 0, 12;
    %ix/load 4, 36, 0;
    %flag_set/imm 4, 0;
    %store/vec4a v0x560e1de76eb0, 4, 0;
    %pushi/vec4 4034, 0, 12;
    %ix/load 4, 37, 0;
    %flag_set/imm 4, 0;
    %store/vec4a v0x560e1de76eb0, 4, 0;
    %pushi/vec4 4007, 0, 12;
    %ix/load 4, 38, 0;
    %flag_set/imm 4, 0;
    %store/vec4a v0x560e1de76eb0, 4, 0;
    %pushi/vec4 3975, 0, 12;
    %ix/load 4, 39, 0;
    %flag_set/imm 4, 0;
    %store/vec4a v0x560e1de76eb0, 4, 0;
    %pushi/vec4 3939, 0, 12;
    %ix/load 4, 40, 0;
    %flag_set/imm 4, 0;
    %store/vec4a v0x560e1de76eb0, 4, 0;
    %pushi/vec4 3898, 0, 12;
    %ix/load 4, 41, 0;
    %flag_set/imm 4, 0;
    %store/vec4a v0x560e1de76eb0, 4, 0;
    %pushi/vec4 3853, 0, 12;
    %ix/load 4, 42, 0;
    %flag_set/imm 4, 0;
    %store/vec4a v0x560e1de76eb0, 4, 0;
    %pushi/vec4 3804, 0, 12;
    %ix/load 4, 43, 0;
    %flag_set/imm 4, 0;
    %store/vec4a v0x560e1de76eb0, 4, 0;
    %pushi/vec4 3750, 0, 12;
    %ix/load 4, 44, 0;
    %flag_set/imm 4, 0;
    %store/vec4a v0x560e1de76eb0, 4, 0;
    %pushi/vec4 3692, 0, 12;
    %ix/load 4, 45, 0;
    %flag_set/imm 4, 0;
    %store/vec4a v0x560e1de76eb0, 4, 0;
    %pushi/vec4 3630, 0, 12;
    %ix/load 4, 46, 0;
    %flag_set/imm 4, 0;
    %store/vec4a v0x560e1de76eb0, 4, 0;
    %pushi/vec4 3565, 0, 12;
    %ix/load 4, 47, 0;
    %flag_set/imm 4, 0;
    %store/vec4a v0x560e1de76eb0, 4, 0;
    %pushi/vec4 3495, 0, 12;
    %ix/load 4, 48, 0;
    %flag_set/imm 4, 0;
    %store/vec4a v0x560e1de76eb0, 4, 0;
    %pushi/vec4 3423, 0, 12;
    %ix/load 4, 49, 0;
    %flag_set/imm 4, 0;
    %store/vec4a v0x560e1de76eb0, 4, 0;
    %pushi/vec4 3346, 0, 12;
    %ix/load 4, 50, 0;
    %flag_set/imm 4, 0;
    %store/vec4a v0x560e1de76eb0, 4, 0;
    %pushi/vec4 3267, 0, 12;
    %ix/load 4, 51, 0;
    %flag_set/imm 4, 0;
    %store/vec4a v0x560e1de76eb0, 4, 0;
    %pushi/vec4 3185, 0, 12;
    %ix/load 4, 52, 0;
    %flag_set/imm 4, 0;
    %store/vec4a v0x560e1de76eb0, 4, 0;
    %pushi/vec4 3100, 0, 12;
    %ix/load 4, 53, 0;
    %flag_set/imm 4, 0;
    %store/vec4a v0x560e1de76eb0, 4, 0;
    %pushi/vec4 3013, 0, 12;
    %ix/load 4, 54, 0;
    %flag_set/imm 4, 0;
    %store/vec4a v0x560e1de76eb0, 4, 0;
    %pushi/vec4 2923, 0, 12;
    %ix/load 4, 55, 0;
    %flag_set/imm 4, 0;
    %store/vec4a v0x560e1de76eb0, 4, 0;
    %pushi/vec4 2831, 0, 12;
    %ix/load 4, 56, 0;
    %flag_set/imm 4, 0;
    %store/vec4a v0x560e1de76eb0, 4, 0;
    %pushi/vec4 2737, 0, 12;
    %ix/load 4, 57, 0;
    %flag_set/imm 4, 0;
    %store/vec4a v0x560e1de76eb0, 4, 0;
    %pushi/vec4 2642, 0, 12;
    %ix/load 4, 58, 0;
    %flag_set/imm 4, 0;
    %store/vec4a v0x560e1de76eb0, 4, 0;
    %pushi/vec4 2545, 0, 12;
    %ix/load 4, 59, 0;
    %flag_set/imm 4, 0;
    %store/vec4a v0x560e1de76eb0, 4, 0;
    %pushi/vec4 2447, 0, 12;
    %ix/load 4, 60, 0;
    %flag_set/imm 4, 0;
    %store/vec4a v0x560e1de76eb0, 4, 0;
    %pushi/vec4 2348, 0, 12;
    %ix/load 4, 61, 0;
    %flag_set/imm 4, 0;
    %store/vec4a v0x560e1de76eb0, 4, 0;
    %pushi/vec4 2248, 0, 12;
    %ix/load 4, 62, 0;
    %flag_set/imm 4, 0;
    %store/vec4a v0x560e1de76eb0, 4, 0;
    %pushi/vec4 2148, 0, 12;
    %ix/load 4, 63, 0;
    %flag_set/imm 4, 0;
    %store/vec4a v0x560e1de76eb0, 4, 0;
    %pushi/vec4 2048, 0, 12;
    %ix/load 4, 64, 0;
    %flag_set/imm 4, 0;
    %store/vec4a v0x560e1de76eb0, 4, 0;
    %pushi/vec4 1947, 0, 12;
    %ix/load 4, 65, 0;
    %flag_set/imm 4, 0;
    %store/vec4a v0x560e1de76eb0, 4, 0;
    %pushi/vec4 1847, 0, 12;
    %ix/load 4, 66, 0;
    %flag_set/imm 4, 0;
    %store/vec4a v0x560e1de76eb0, 4, 0;
    %pushi/vec4 1747, 0, 12;
    %ix/load 4, 67, 0;
    %flag_set/imm 4, 0;
    %store/vec4a v0x560e1de76eb0, 4, 0;
    %pushi/vec4 1648, 0, 12;
    %ix/load 4, 68, 0;
    %flag_set/imm 4, 0;
    %store/vec4a v0x560e1de76eb0, 4, 0;
    %pushi/vec4 1550, 0, 12;
    %ix/load 4, 69, 0;
    %flag_set/imm 4, 0;
    %store/vec4a v0x560e1de76eb0, 4, 0;
    %pushi/vec4 1453, 0, 12;
    %ix/load 4, 70, 0;
    %flag_set/imm 4, 0;
    %store/vec4a v0x560e1de76eb0, 4, 0;
    %pushi/vec4 1358, 0, 12;
    %ix/load 4, 71, 0;
    %flag_set/imm 4, 0;
    %store/vec4a v0x560e1de76eb0, 4, 0;
    %pushi/vec4 1264, 0, 12;
    %ix/load 4, 72, 0;
    %flag_set/imm 4, 0;
    %store/vec4a v0x560e1de76eb0, 4, 0;
    %pushi/vec4 1172, 0, 12;
    %ix/load 4, 73, 0;
    %flag_set/imm 4, 0;
    %store/vec4a v0x560e1de76eb0, 4, 0;
    %pushi/vec4 1082, 0, 12;
    %ix/load 4, 74, 0;
    %flag_set/imm 4, 0;
    %store/vec4a v0x560e1de76eb0, 4, 0;
    %pushi/vec4 995, 0, 12;
    %ix/load 4, 75, 0;
    %flag_set/imm 4, 0;
    %store/vec4a v0x560e1de76eb0, 4, 0;
    %pushi/vec4 910, 0, 12;
    %ix/load 4, 76, 0;
    %flag_set/imm 4, 0;
    %store/vec4a v0x560e1de76eb0, 4, 0;
    %pushi/vec4 828, 0, 12;
    %ix/load 4, 77, 0;
    %flag_set/imm 4, 0;
    %store/vec4a v0x560e1de76eb0, 4, 0;
    %pushi/vec4 749, 0, 12;
    %ix/load 4, 78, 0;
    %flag_set/imm 4, 0;
    %store/vec4a v0x560e1de76eb0, 4, 0;
    %pushi/vec4 672, 0, 12;
    %ix/load 4, 79, 0;
    %flag_set/imm 4, 0;
    %store/vec4a v0x560e1de76eb0, 4, 0;
    %pushi/vec4 600, 0, 12;
    %ix/load 4, 80, 0;
    %flag_set/imm 4, 0;
    %store/vec4a v0x560e1de76eb0, 4, 0;
    %pushi/vec4 530, 0, 12;
    %ix/load 4, 81, 0;
    %flag_set/imm 4, 0;
    %store/vec4a v0x560e1de76eb0, 4, 0;
    %pushi/vec4 465, 0, 12;
    %ix/load 4, 82, 0;
    %flag_set/imm 4, 0;
    %store/vec4a v0x560e1de76eb0, 4, 0;
    %pushi/vec4 403, 0, 12;
    %ix/load 4, 83, 0;
    %flag_set/imm 4, 0;
    %store/vec4a v0x560e1de76eb0, 4, 0;
    %pushi/vec4 345, 0, 12;
    %ix/load 4, 84, 0;
    %flag_set/imm 4, 0;
    %store/vec4a v0x560e1de76eb0, 4, 0;
    %pushi/vec4 291, 0, 12;
    %ix/load 4, 85, 0;
    %flag_set/imm 4, 0;
    %store/vec4a v0x560e1de76eb0, 4, 0;
    %pushi/vec4 242, 0, 12;
    %ix/load 4, 86, 0;
    %flag_set/imm 4, 0;
    %store/vec4a v0x560e1de76eb0, 4, 0;
    %pushi/vec4 197, 0, 12;
    %ix/load 4, 87, 0;
    %flag_set/imm 4, 0;
    %store/vec4a v0x560e1de76eb0, 4, 0;
    %pushi/vec4 156, 0, 12;
    %ix/load 4, 88, 0;
    %flag_set/imm 4, 0;
    %store/vec4a v0x560e1de76eb0, 4, 0;
    %pushi/vec4 120, 0, 12;
    %ix/load 4, 89, 0;
    %flag_set/imm 4, 0;
    %store/vec4a v0x560e1de76eb0, 4, 0;
    %pushi/vec4 88, 0, 12;
    %ix/load 4, 90, 0;
    %flag_set/imm 4, 0;
    %store/vec4a v0x560e1de76eb0, 4, 0;
    %pushi/vec4 61, 0, 12;
    %ix/load 4, 91, 0;
    %flag_set/imm 4, 0;
    %store/vec4a v0x560e1de76eb0, 4, 0;
    %pushi/vec4 39, 0, 12;
    %ix/load 4, 92, 0;
    %flag_set/imm 4, 0;
    %store/vec4a v0x560e1de76eb0, 4, 0;
    %pushi/vec4 22, 0, 12;
    %ix/load 4, 93, 0;
    %flag_set/imm 4, 0;
    %store/vec4a v0x560e1de76eb0, 4, 0;
    %pushi/vec4 10, 0, 12;
    %ix/load 4, 94, 0;
    %flag_set/imm 4, 0;
    %store/vec4a v0x560e1de76eb0, 4, 0;
    %pushi/vec4 2, 0, 12;
    %ix/load 4, 95, 0;
    %flag_set/imm 4, 0;
    %store/vec4a v0x560e1de76eb0, 4, 0;
    %pushi/vec4 0, 0, 12;
    %ix/load 4, 96, 0;
    %flag_set/imm 4, 0;
    %store/vec4a v0x560e1de76eb0, 4, 0;
    %pushi/vec4 2, 0, 12;
    %ix/load 4, 97, 0;
    %flag_set/imm 4, 0;
    %store/vec4a v0x560e1de76eb0, 4, 0;
    %pushi/vec4 10, 0, 12;
    %ix/load 4, 98, 0;
    %flag_set/imm 4, 0;
    %store/vec4a v0x560e1de76eb0, 4, 0;
    %pushi/vec4 22, 0, 12;
    %ix/load 4, 99, 0;
    %flag_set/imm 4, 0;
    %store/vec4a v0x560e1de76eb0, 4, 0;
    %pushi/vec4 39, 0, 12;
    %ix/load 4, 100, 0;
    %flag_set/imm 4, 0;
    %store/vec4a v0x560e1de76eb0, 4, 0;
    %pushi/vec4 61, 0, 12;
    %ix/load 4, 101, 0;
    %flag_set/imm 4, 0;
    %store/vec4a v0x560e1de76eb0, 4, 0;
    %pushi/vec4 88, 0, 12;
    %ix/load 4, 102, 0;
    %flag_set/imm 4, 0;
    %store/vec4a v0x560e1de76eb0, 4, 0;
    %pushi/vec4 120, 0, 12;
    %ix/load 4, 103, 0;
    %flag_set/imm 4, 0;
    %store/vec4a v0x560e1de76eb0, 4, 0;
    %pushi/vec4 156, 0, 12;
    %ix/load 4, 104, 0;
    %flag_set/imm 4, 0;
    %store/vec4a v0x560e1de76eb0, 4, 0;
    %pushi/vec4 197, 0, 12;
    %ix/load 4, 105, 0;
    %flag_set/imm 4, 0;
    %store/vec4a v0x560e1de76eb0, 4, 0;
    %pushi/vec4 242, 0, 12;
    %ix/load 4, 106, 0;
    %flag_set/imm 4, 0;
    %store/vec4a v0x560e1de76eb0, 4, 0;
    %pushi/vec4 291, 0, 12;
    %ix/load 4, 107, 0;
    %flag_set/imm 4, 0;
    %store/vec4a v0x560e1de76eb0, 4, 0;
    %pushi/vec4 345, 0, 12;
    %ix/load 4, 108, 0;
    %flag_set/imm 4, 0;
    %store/vec4a v0x560e1de76eb0, 4, 0;
    %pushi/vec4 403, 0, 12;
    %ix/load 4, 109, 0;
    %flag_set/imm 4, 0;
    %store/vec4a v0x560e1de76eb0, 4, 0;
    %pushi/vec4 465, 0, 12;
    %ix/load 4, 110, 0;
    %flag_set/imm 4, 0;
    %store/vec4a v0x560e1de76eb0, 4, 0;
    %pushi/vec4 530, 0, 12;
    %ix/load 4, 111, 0;
    %flag_set/imm 4, 0;
    %store/vec4a v0x560e1de76eb0, 4, 0;
    %pushi/vec4 600, 0, 12;
    %ix/load 4, 112, 0;
    %flag_set/imm 4, 0;
    %store/vec4a v0x560e1de76eb0, 4, 0;
    %pushi/vec4 672, 0, 12;
    %ix/load 4, 113, 0;
    %flag_set/imm 4, 0;
    %store/vec4a v0x560e1de76eb0, 4, 0;
    %pushi/vec4 749, 0, 12;
    %ix/load 4, 114, 0;
    %flag_set/imm 4, 0;
    %store/vec4a v0x560e1de76eb0, 4, 0;
    %pushi/vec4 828, 0, 12;
    %ix/load 4, 115, 0;
    %flag_set/imm 4, 0;
    %store/vec4a v0x560e1de76eb0, 4, 0;
    %pushi/vec4 910, 0, 12;
    %ix/load 4, 116, 0;
    %flag_set/imm 4, 0;
    %store/vec4a v0x560e1de76eb0, 4, 0;
    %pushi/vec4 995, 0, 12;
    %ix/load 4, 117, 0;
    %flag_set/imm 4, 0;
    %store/vec4a v0x560e1de76eb0, 4, 0;
    %pushi/vec4 1082, 0, 12;
    %ix/load 4, 118, 0;
    %flag_set/imm 4, 0;
    %store/vec4a v0x560e1de76eb0, 4, 0;
    %pushi/vec4 1172, 0, 12;
    %ix/load 4, 119, 0;
    %flag_set/imm 4, 0;
    %store/vec4a v0x560e1de76eb0, 4, 0;
    %pushi/vec4 1264, 0, 12;
    %ix/load 4, 120, 0;
    %flag_set/imm 4, 0;
    %store/vec4a v0x560e1de76eb0, 4, 0;
    %pushi/vec4 1358, 0, 12;
    %ix/load 4, 121, 0;
    %flag_set/imm 4, 0;
    %store/vec4a v0x560e1de76eb0, 4, 0;
    %pushi/vec4 1453, 0, 12;
    %ix/load 4, 122, 0;
    %flag_set/imm 4, 0;
    %store/vec4a v0x560e1de76eb0, 4, 0;
    %pushi/vec4 1550, 0, 12;
    %ix/load 4, 123, 0;
    %flag_set/imm 4, 0;
    %store/vec4a v0x560e1de76eb0, 4, 0;
    %pushi/vec4 1648, 0, 12;
    %ix/load 4, 124, 0;
    %flag_set/imm 4, 0;
    %store/vec4a v0x560e1de76eb0, 4, 0;
    %pushi/vec4 1747, 0, 12;
    %ix/load 4, 125, 0;
    %flag_set/imm 4, 0;
    %store/vec4a v0x560e1de76eb0, 4, 0;
    %pushi/vec4 1847, 0, 12;
    %ix/load 4, 126, 0;
    %flag_set/imm 4, 0;
    %store/vec4a v0x560e1de76eb0, 4, 0;
    %pushi/vec4 1947, 0, 12;
    %ix/load 4, 127, 0;
    %flag_set/imm 4, 0;
    %store/vec4a v0x560e1de76eb0, 4, 0;
    %end;
    .thread T_1;
    .scope S_0x560e1de43c50;
T_2 ;
    %wait E_0x560e1de1a7a0;
    %load/vec4 v0x560e1de76b30_0;
    %assign/vec4 v0x560e1de77050_0, 0;
    %jmp T_2;
    .thread T_2;
    .scope S_0x560e1de43c50;
T_3 ;
    %wait E_0x560e1de1ac80;
    %load/vec4 v0x560e1de77050_0;
    %store/vec4 v0x560e1de76b30_0, 0, 5;
    %load/vec4 v0x560e1de77050_0;
    %dup/vec4;
    %pushi/vec4 0, 0, 5;
    %cmp/u;
    %jmp/1 T_3.0, 6;
    %dup/vec4;
    %pushi/vec4 1, 0, 5;
    %cmp/u;
    %jmp/1 T_3.1, 6;
    %dup/vec4;
    %pushi/vec4 2, 0, 5;
    %cmp/u;
    %jmp/1 T_3.2, 6;
    %dup/vec4;
    %pushi/vec4 3, 0, 5;
    %cmp/u;
    %jmp/1 T_3.3, 6;
    %dup/vec4;
    %pushi/vec4 4, 0, 5;
    %cmp/u;
    %jmp/1 T_3.4, 6;
    %dup/vec4;
    %pushi/vec4 5, 0, 5;
    %cmp/u;
    %jmp/1 T_3.5, 6;
    %dup/vec4;
    %pushi/vec4 6, 0, 5;
    %cmp/u;
    %jmp/1 T_3.6, 6;
    %dup/vec4;
    %pushi/vec4 7, 0, 5;
    %cmp/u;
    %jmp/1 T_3.7, 6;
    %dup/vec4;
    %pushi/vec4 8, 0, 5;
    %cmp/u;
    %jmp/1 T_3.8, 6;
    %dup/vec4;
    %pushi/vec4 9, 0, 5;
    %cmp/u;
    %jmp/1 T_3.9, 6;
    %dup/vec4;
    %pushi/vec4 10, 0, 5;
    %cmp/u;
    %jmp/1 T_3.10, 6;
    %dup/vec4;
    %pushi/vec4 11, 0, 5;
    %cmp/u;
    %jmp/1 T_3.11, 6;
    %dup/vec4;
    %pushi/vec4 12, 0, 5;
    %cmp/u;
    %jmp/1 T_3.12, 6;
    %dup/vec4;
    %pushi/vec4 13, 0, 5;
    %cmp/u;
    %jmp/1 T_3.13, 6;
    %dup/vec4;
    %pushi/vec4 14, 0, 5;
    %cmp/u;
    %jmp/1 T_3.14, 6;
    %pushi/vec4 0, 0, 5;
    %store/vec4 v0x560e1de76b30_0, 0, 5;
    %jmp T_3.16;
T_3.0 ;
    %load/vec4 v0x560e1de764e0_0;
    %flag_set/vec4 8;
    %jmp/0xz  T_3.17, 8;
    %pushi/vec4 1, 0, 5;
    %store/vec4 v0x560e1de76b30_0, 0, 5;
T_3.17 ;
    %jmp T_3.16;
T_3.1 ;
    %load/vec4 v0x560e1de76420_0;
    %flag_set/vec4 8;
    %jmp/0xz  T_3.19, 8;
    %pushi/vec4 2, 0, 5;
    %store/vec4 v0x560e1de76b30_0, 0, 5;
T_3.19 ;
    %jmp T_3.16;
T_3.2 ;
    %load/vec4 v0x560e1de764e0_0;
    %flag_set/vec4 8;
    %jmp/0xz  T_3.21, 8;
    %pushi/vec4 3, 0, 5;
    %store/vec4 v0x560e1de76b30_0, 0, 5;
T_3.21 ;
    %jmp T_3.16;
T_3.3 ;
    %load/vec4 v0x560e1de76420_0;
    %flag_set/vec4 8;
    %jmp/0xz  T_3.23, 8;
    %pushi/vec4 4, 0, 5;
    %store/vec4 v0x560e1de76b30_0, 0, 5;
T_3.23 ;
    %jmp T_3.16;
T_3.4 ;
    %load/vec4 v0x560e1de764e0_0;
    %flag_set/vec4 8;
    %jmp/0xz  T_3.25, 8;
    %pushi/vec4 5, 0, 5;
    %store/vec4 v0x560e1de76b30_0, 0, 5;
T_3.25 ;
    %jmp T_3.16;
T_3.5 ;
    %load/vec4 v0x560e1de76420_0;
    %flag_set/vec4 8;
    %jmp/0xz  T_3.27, 8;
    %pushi/vec4 6, 0, 5;
    %store/vec4 v0x560e1de76b30_0, 0, 5;
T_3.27 ;
    %jmp T_3.16;
T_3.6 ;
    %load/vec4 v0x560e1de764e0_0;
    %flag_set/vec4 8;
    %jmp/0xz  T_3.29, 8;
    %pushi/vec4 7, 0, 5;
    %store/vec4 v0x560e1de76b30_0, 0, 5;
T_3.29 ;
    %jmp T_3.16;
T_3.7 ;
    %load/vec4 v0x560e1de76420_0;
    %flag_set/vec4 8;
    %jmp/0xz  T_3.31, 8;
    %pushi/vec4 8, 0, 5;
    %store/vec4 v0x560e1de76b30_0, 0, 5;
T_3.31 ;
    %jmp T_3.16;
T_3.8 ;
    %load/vec4 v0x560e1de764e0_0;
    %flag_set/vec4 8;
    %jmp/0xz  T_3.33, 8;
    %pushi/vec4 9, 0, 5;
    %store/vec4 v0x560e1de76b30_0, 0, 5;
T_3.33 ;
    %jmp T_3.16;
T_3.9 ;
    %load/vec4 v0x560e1de76420_0;
    %flag_set/vec4 8;
    %jmp/0xz  T_3.35, 8;
    %load/vec4 v0x560e1de773b0_0;
    %dup/vec4;
    %pushi/vec4 0, 0, 3;
    %cmp/u;
    %jmp/1 T_3.37, 6;
    %dup/vec4;
    %pushi/vec4 1, 0, 3;
    %cmp/u;
    %jmp/1 T_3.38, 6;
    %dup/vec4;
    %pushi/vec4 2, 0, 3;
    %cmp/u;
    %jmp/1 T_3.39, 6;
    %dup/vec4;
    %pushi/vec4 3, 0, 3;
    %cmp/u;
    %jmp/1 T_3.40, 6;
    %dup/vec4;
    %pushi/vec4 4, 0, 3;
    %cmp/u;
    %jmp/1 T_3.41, 6;
    %pushi/vec4 0, 0, 5;
    %store/vec4 v0x560e1de76b30_0, 0, 5;
    %jmp T_3.43;
T_3.37 ;
    %pushi/vec4 10, 0, 5;
    %store/vec4 v0x560e1de76b30_0, 0, 5;
    %jmp T_3.43;
T_3.38 ;
    %pushi/vec4 11, 0, 5;
    %store/vec4 v0x560e1de76b30_0, 0, 5;
    %jmp T_3.43;
T_3.39 ;
    %pushi/vec4 12, 0, 5;
    %store/vec4 v0x560e1de76b30_0, 0, 5;
    %jmp T_3.43;
T_3.40 ;
    %pushi/vec4 13, 0, 5;
    %store/vec4 v0x560e1de76b30_0, 0, 5;
    %jmp T_3.43;
T_3.41 ;
    %pushi/vec4 14, 0, 5;
    %store/vec4 v0x560e1de76b30_0, 0, 5;
    %jmp T_3.43;
T_3.43 ;
    %pop/vec4 1;
T_3.35 ;
    %jmp T_3.16;
T_3.10 ;
    %load/vec4 v0x560e1de764e0_0;
    %flag_set/vec4 8;
    %jmp/0xz  T_3.44, 8;
    %pushi/vec4 0, 0, 5;
    %store/vec4 v0x560e1de76b30_0, 0, 5;
T_3.44 ;
    %jmp T_3.16;
T_3.11 ;
    %load/vec4 v0x560e1de764e0_0;
    %flag_set/vec4 8;
    %jmp/0xz  T_3.46, 8;
    %pushi/vec4 0, 0, 5;
    %store/vec4 v0x560e1de76b30_0, 0, 5;
T_3.46 ;
    %jmp T_3.16;
T_3.12 ;
    %load/vec4 v0x560e1de764e0_0;
    %flag_set/vec4 8;
    %jmp/0xz  T_3.48, 8;
    %pushi/vec4 0, 0, 5;
    %store/vec4 v0x560e1de76b30_0, 0, 5;
T_3.48 ;
    %jmp T_3.16;
T_3.13 ;
    %load/vec4 v0x560e1de764e0_0;
    %flag_set/vec4 8;
    %jmp/0xz  T_3.50, 8;
    %pushi/vec4 0, 0, 5;
    %store/vec4 v0x560e1de76b30_0, 0, 5;
T_3.50 ;
    %jmp T_3.16;
T_3.14 ;
    %load/vec4 v0x560e1de764e0_0;
    %flag_set/vec4 8;
    %jmp/0xz  T_3.52, 8;
    %pushi/vec4 0, 0, 5;
    %store/vec4 v0x560e1de76b30_0, 0, 5;
T_3.52 ;
    %jmp T_3.16;
T_3.16 ;
    %pop/vec4 1;
    %jmp T_3;
    .thread T_3, $push;
    .scope S_0x560e1de43c50;
T_4 ;
    %wait E_0x560e1de1a7a0;
    %load/vec4 v0x560e1de77050_0;
    %cmpi/e 0, 0, 5;
    %flag_get/vec4 4;
    %jmp/0 T_4.2, 4;
    %load/vec4 v0x560e1de764e0_0;
    %and;
T_4.2;
    %flag_set/vec4 8;
    %jmp/0xz  T_4.0, 8;
    %load/vec4 v0x560e1de767a0_0;
    %assign/vec4 v0x560e1de773b0_0, 0;
    %jmp T_4.1;
T_4.0 ;
    %load/vec4 v0x560e1de77050_0;
    %cmpi/e 1, 0, 5;
    %flag_get/vec4 4;
    %jmp/0 T_4.5, 4;
    %load/vec4 v0x560e1de76420_0;
    %and;
T_4.5;
    %flag_set/vec4 8;
    %jmp/0xz  T_4.3, 8;
    %load/vec4 v0x560e1de767a0_0;
    %ix/load 4, 0, 0;
    %ix/load 5, 0, 0;
    %flag_set/imm 4, 0;
    %assign/vec4/off/d v0x560e1de4b210_0, 4, 5;
    %jmp T_4.4;
T_4.3 ;
    %load/vec4 v0x560e1de77050_0;
    %cmpi/e 2, 0, 5;
    %flag_get/vec4 4;
    %jmp/0 T_4.8, 4;
    %load/vec4 v0x560e1de764e0_0;
    %and;
T_4.8;
    %flag_set/vec4 8;
    %jmp/0xz  T_4.6, 8;
    %load/vec4 v0x560e1de767a0_0;
    %ix/load 4, 3, 0;
    %ix/load 5, 0, 0;
    %flag_set/imm 4, 0;
    %assign/vec4/off/d v0x560e1de4b210_0, 4, 5;
    %jmp T_4.7;
T_4.6 ;
    %load/vec4 v0x560e1de77050_0;
    %cmpi/e 3, 0, 5;
    %flag_get/vec4 4;
    %jmp/0 T_4.11, 4;
    %load/vec4 v0x560e1de76420_0;
    %and;
T_4.11;
    %flag_set/vec4 8;
    %jmp/0xz  T_4.9, 8;
    %load/vec4 v0x560e1de767a0_0;
    %ix/load 4, 6, 0;
    %ix/load 5, 0, 0;
    %flag_set/imm 4, 0;
    %assign/vec4/off/d v0x560e1de4b210_0, 4, 5;
    %jmp T_4.10;
T_4.9 ;
    %load/vec4 v0x560e1de77050_0;
    %cmpi/e 4, 0, 5;
    %flag_get/vec4 4;
    %jmp/0 T_4.14, 4;
    %load/vec4 v0x560e1de764e0_0;
    %and;
T_4.14;
    %flag_set/vec4 8;
    %jmp/0xz  T_4.12, 8;
    %load/vec4 v0x560e1de767a0_0;
    %ix/load 4, 9, 0;
    %ix/load 5, 0, 0;
    %flag_set/imm 4, 0;
    %assign/vec4/off/d v0x560e1de4b210_0, 4, 5;
    %jmp T_4.13;
T_4.12 ;
    %load/vec4 v0x560e1de77050_0;
    %cmpi/e 5, 0, 5;
    %flag_get/vec4 4;
    %jmp/0 T_4.17, 4;
    %load/vec4 v0x560e1de76420_0;
    %and;
T_4.17;
    %flag_set/vec4 8;
    %jmp/0xz  T_4.15, 8;
    %load/vec4 v0x560e1de767a0_0;
    %ix/load 4, 12, 0;
    %ix/load 5, 0, 0;
    %flag_set/imm 4, 0;
    %assign/vec4/off/d v0x560e1de4b210_0, 4, 5;
    %jmp T_4.16;
T_4.15 ;
    %load/vec4 v0x560e1de77050_0;
    %cmpi/e 6, 0, 5;
    %flag_get/vec4 4;
    %jmp/0 T_4.20, 4;
    %load/vec4 v0x560e1de764e0_0;
    %and;
T_4.20;
    %flag_set/vec4 8;
    %jmp/0xz  T_4.18, 8;
    %load/vec4 v0x560e1de767a0_0;
    %ix/load 4, 15, 0;
    %ix/load 5, 0, 0;
    %flag_set/imm 4, 0;
    %assign/vec4/off/d v0x560e1de4b210_0, 4, 5;
    %jmp T_4.19;
T_4.18 ;
    %load/vec4 v0x560e1de77050_0;
    %cmpi/e 7, 0, 5;
    %flag_get/vec4 4;
    %jmp/0 T_4.23, 4;
    %load/vec4 v0x560e1de76420_0;
    %and;
T_4.23;
    %flag_set/vec4 8;
    %jmp/0xz  T_4.21, 8;
    %load/vec4 v0x560e1de767a0_0;
    %ix/load 4, 18, 0;
    %ix/load 5, 0, 0;
    %flag_set/imm 4, 0;
    %assign/vec4/off/d v0x560e1de4b210_0, 4, 5;
    %jmp T_4.22;
T_4.21 ;
    %load/vec4 v0x560e1de77050_0;
    %cmpi/e 8, 0, 5;
    %flag_get/vec4 4;
    %jmp/0 T_4.26, 4;
    %load/vec4 v0x560e1de764e0_0;
    %and;
T_4.26;
    %flag_set/vec4 8;
    %jmp/0xz  T_4.24, 8;
    %load/vec4 v0x560e1de767a0_0;
    %ix/load 4, 21, 0;
    %ix/load 5, 0, 0;
    %flag_set/imm 4, 0;
    %assign/vec4/off/d v0x560e1de4b210_0, 4, 5;
T_4.24 ;
T_4.22 ;
T_4.19 ;
T_4.16 ;
T_4.13 ;
T_4.10 ;
T_4.7 ;
T_4.4 ;
T_4.1 ;
    %load/vec4 v0x560e1de77050_0;
    %dup/vec4;
    %pushi/vec4 0, 0, 5;
    %cmp/u;
    %jmp/1 T_4.27, 6;
    %dup/vec4;
    %pushi/vec4 1, 0, 5;
    %cmp/u;
    %jmp/1 T_4.28, 6;
    %dup/vec4;
    %pushi/vec4 2, 0, 5;
    %cmp/u;
    %jmp/1 T_4.29, 6;
    %dup/vec4;
    %pushi/vec4 3, 0, 5;
    %cmp/u;
    %jmp/1 T_4.30, 6;
    %dup/vec4;
    %pushi/vec4 4, 0, 5;
    %cmp/u;
    %jmp/1 T_4.31, 6;
    %dup/vec4;
    %pushi/vec4 5, 0, 5;
    %cmp/u;
    %jmp/1 T_4.32, 6;
    %dup/vec4;
    %pushi/vec4 6, 0, 5;
    %cmp/u;
    %jmp/1 T_4.33, 6;
    %dup/vec4;
    %pushi/vec4 7, 0, 5;
    %cmp/u;
    %jmp/1 T_4.34, 6;
    %dup/vec4;
    %pushi/vec4 8, 0, 5;
    %cmp/u;
    %jmp/1 T_4.35, 6;
    %dup/vec4;
    %pushi/vec4 9, 0, 5;
    %cmp/u;
    %jmp/1 T_4.36, 6;
    %dup/vec4;
    %pushi/vec4 10, 0, 5;
    %cmp/u;
    %jmp/1 T_4.37, 6;
    %dup/vec4;
    %pushi/vec4 11, 0, 5;
    %cmp/u;
    %jmp/1 T_4.38, 6;
    %dup/vec4;
    %pushi/vec4 12, 0, 5;
    %cmp/u;
    %jmp/1 T_4.39, 6;
    %dup/vec4;
    %pushi/vec4 13, 0, 5;
    %cmp/u;
    %jmp/1 T_4.40, 6;
    %dup/vec4;
    %pushi/vec4 14, 0, 5;
    %cmp/u;
    %jmp/1 T_4.41, 6;
    %pushi/vec4 0, 0, 12;
    %assign/vec4 v0x560e1de765a0_0, 0;
    %jmp T_4.43;
T_4.27 ;
    %pushi/vec4 0, 0, 12;
    %assign/vec4 v0x560e1de765a0_0, 0;
    %pushi/vec4 0, 0, 24;
    %assign/vec4 v0x560e1de75eb0_0, 0;
    %pushi/vec4 0, 0, 1;
    %assign/vec4 v0x560e1de77490_0, 0;
    %pushi/vec4 0, 0, 1;
    %assign/vec4 v0x560e1de76960_0, 0;
    %pushi/vec4 0, 0, 16;
    %assign/vec4 v0x560e1de76880_0, 0;
    %pushi/vec4 0, 0, 12;
    %assign/vec4 v0x560e1de772d0_0, 0;
    %pushi/vec4 0, 0, 1;
    %assign/vec4 v0x560e1de77130_0, 0;
    %pushi/vec4 0, 0, 24;
    %assign/vec4 v0x560e1de771f0_0, 0;
    %pushi/vec4 0, 0, 12;
    %assign/vec4 v0x560e1de76cf0_0, 0;
    %pushi/vec4 0, 0, 24;
    %assign/vec4 v0x560e1de76c10_0, 0;
    %pushi/vec4 0, 0, 7;
    %assign/vec4 v0x560e1de76f70_0, 0;
    %pushi/vec4 0, 0, 24;
    %assign/vec4 v0x560e1de76dd0_0, 0;
    %jmp T_4.43;
T_4.28 ;
    %pushi/vec4 0, 0, 12;
    %assign/vec4 v0x560e1de765a0_0, 0;
    %jmp T_4.43;
T_4.29 ;
    %pushi/vec4 0, 0, 12;
    %assign/vec4 v0x560e1de765a0_0, 0;
    %jmp T_4.43;
T_4.30 ;
    %pushi/vec4 0, 0, 12;
    %assign/vec4 v0x560e1de765a0_0, 0;
    %jmp T_4.43;
T_4.31 ;
    %pushi/vec4 0, 0, 12;
    %assign/vec4 v0x560e1de765a0_0, 0;
    %jmp T_4.43;
T_4.32 ;
    %pushi/vec4 0, 0, 12;
    %assign/vec4 v0x560e1de765a0_0, 0;
    %jmp T_4.43;
T_4.33 ;
    %pushi/vec4 0, 0, 12;
    %assign/vec4 v0x560e1de765a0_0, 0;
    %jmp T_4.43;
T_4.34 ;
    %pushi/vec4 0, 0, 12;
    %assign/vec4 v0x560e1de765a0_0, 0;
    %jmp T_4.43;
T_4.35 ;
    %pushi/vec4 0, 0, 12;
    %assign/vec4 v0x560e1de765a0_0, 0;
    %jmp T_4.43;
T_4.36 ;
    %pushi/vec4 0, 0, 12;
    %assign/vec4 v0x560e1de765a0_0, 0;
    %jmp T_4.43;
T_4.37 ;
    %load/vec4 v0x560e1de4b210_0;
    %load/vec4 v0x560e1de76dd0_0;
    %cmp/u;
    %flag_or 5, 4;
    %jmp/0xz  T_4.44, 5;
    %pushi/vec4 0, 0, 24;
    %assign/vec4 v0x560e1de76dd0_0, 0;
    %load/vec4 v0x560e1de76f70_0;
    %addi 1, 0, 7;
    %assign/vec4 v0x560e1de76f70_0, 0;
    %jmp T_4.45;
T_4.44 ;
    %load/vec4 v0x560e1de76dd0_0;
    %addi 1, 0, 24;
    %assign/vec4 v0x560e1de76dd0_0, 0;
T_4.45 ;
    %load/vec4 v0x560e1de76f70_0;
    %pad/u 9;
    %ix/vec4 4;
    %load/vec4a v0x560e1de76eb0, 4;
    %assign/vec4 v0x560e1de765a0_0, 0;
    %jmp T_4.43;
T_4.38 ;
    %load/vec4 v0x560e1de4b210_0;
    %ix/load 4, 12, 0;
    %flag_set/imm 4, 0;
    %shiftr 4;
    %load/vec4 v0x560e1de771f0_0;
    %cmp/u;
    %flag_or 5, 4;
    %jmp/0xz  T_4.46, 5;
    %pushi/vec4 0, 0, 24;
    %assign/vec4 v0x560e1de771f0_0, 0;
    %load/vec4 v0x560e1de77130_0;
    %nor/r;
    %flag_set/vec4 8;
    %jmp/0xz  T_4.48, 8;
    %load/vec4 v0x560e1de772d0_0;
    %cmpi/u 4095, 0, 12;
    %flag_inv 5; GE is !LT
    %jmp/0xz  T_4.50, 5;
    %pushi/vec4 1, 0, 1;
    %assign/vec4 v0x560e1de77130_0, 0;
    %load/vec4 v0x560e1de772d0_0;
    %subi 1, 0, 12;
    %assign/vec4 v0x560e1de772d0_0, 0;
    %jmp T_4.51;
T_4.50 ;
    %load/vec4 v0x560e1de772d0_0;
    %addi 1, 0, 12;
    %assign/vec4 v0x560e1de772d0_0, 0;
T_4.51 ;
    %jmp T_4.49;
T_4.48 ;
    %load/vec4 v0x560e1de772d0_0;
    %cmpi/e 0, 0, 12;
    %jmp/0xz  T_4.52, 4;
    %pushi/vec4 0, 0, 1;
    %assign/vec4 v0x560e1de77130_0, 0;
    %load/vec4 v0x560e1de772d0_0;
    %addi 1, 0, 12;
    %assign/vec4 v0x560e1de772d0_0, 0;
    %jmp T_4.53;
T_4.52 ;
    %load/vec4 v0x560e1de772d0_0;
    %subi 1, 0, 12;
    %assign/vec4 v0x560e1de772d0_0, 0;
T_4.53 ;
T_4.49 ;
    %jmp T_4.47;
T_4.46 ;
    %load/vec4 v0x560e1de771f0_0;
    %addi 1, 0, 24;
    %assign/vec4 v0x560e1de771f0_0, 0;
T_4.47 ;
    %load/vec4 v0x560e1de772d0_0;
    %assign/vec4 v0x560e1de765a0_0, 0;
    %jmp T_4.43;
T_4.39 ;
    %load/vec4 v0x560e1de76960_0;
    %nor/r;
    %flag_set/vec4 8;
    %jmp/0xz  T_4.54, 8;
    %pushi/vec4 4095, 0, 12;
    %assign/vec4 v0x560e1de765a0_0, 0;
    %load/vec4 v0x560e1de76880_0;
    %addi 1, 0, 16;
    %assign/vec4 v0x560e1de76880_0, 0;
    %load/vec4 v0x560e1de76880_0;
    %cmpi/u 454, 0, 16;
    %flag_inv 5; GE is !LT
    %jmp/0xz  T_4.56, 5;
    %pushi/vec4 1, 0, 1;
    %assign/vec4 v0x560e1de76960_0, 0;
T_4.56 ;
    %jmp T_4.55;
T_4.54 ;
    %pushi/vec4 0, 0, 12;
    %assign/vec4 v0x560e1de765a0_0, 0;
T_4.55 ;
    %jmp T_4.43;
T_4.40 ;
    %load/vec4 v0x560e1de4b210_0;
    %load/vec4 v0x560e1de75eb0_0;
    %cmp/u;
    %flag_or 5, 4;
    %jmp/0xz  T_4.58, 5;
    %pushi/vec4 0, 0, 24;
    %assign/vec4 v0x560e1de75eb0_0, 0;
    %load/vec4 v0x560e1de77490_0;
    %inv;
    %assign/vec4 v0x560e1de77490_0, 0;
    %jmp T_4.59;
T_4.58 ;
    %load/vec4 v0x560e1de75eb0_0;
    %addi 1, 0, 24;
    %assign/vec4 v0x560e1de75eb0_0, 0;
T_4.59 ;
    %load/vec4 v0x560e1de77490_0;
    %flag_set/vec4 8;
    %jmp/0 T_4.60, 8;
    %pushi/vec4 4095, 0, 12;
    %jmp/1 T_4.61, 8;
T_4.60 ; End of true expr.
    %pushi/vec4 0, 0, 12;
    %jmp/0 T_4.61, 8;
 ; End of false expr.
    %blend;
T_4.61;
    %assign/vec4 v0x560e1de765a0_0, 0;
    %jmp T_4.43;
T_4.41 ;
    %load/vec4 v0x560e1de4b210_0;
    %ix/load 4, 12, 0;
    %flag_set/imm 4, 0;
    %shiftr 4;
    %load/vec4 v0x560e1de76c10_0;
    %cmp/u;
    %flag_or 5, 4;
    %jmp/0xz  T_4.62, 5;
    %pushi/vec4 0, 0, 24;
    %assign/vec4 v0x560e1de76c10_0, 0;
    %load/vec4 v0x560e1de76cf0_0;
    %cmpi/u 4095, 0, 12;
    %flag_inv 5; GE is !LT
    %jmp/0xz  T_4.64, 5;
    %pushi/vec4 0, 0, 12;
    %assign/vec4 v0x560e1de76cf0_0, 0;
    %jmp T_4.65;
T_4.64 ;
    %load/vec4 v0x560e1de76cf0_0;
    %addi 1, 0, 12;
    %assign/vec4 v0x560e1de76cf0_0, 0;
T_4.65 ;
    %jmp T_4.63;
T_4.62 ;
    %load/vec4 v0x560e1de76c10_0;
    %addi 1, 0, 24;
    %assign/vec4 v0x560e1de76c10_0, 0;
T_4.63 ;
    %load/vec4 v0x560e1de76cf0_0;
    %assign/vec4 v0x560e1de765a0_0, 0;
    %jmp T_4.43;
T_4.43 ;
    %pop/vec4 1;
    %jmp T_4;
    .thread T_4;
    .scope S_0x560e1de12640;
T_5 ;
    %vpi_call 3 9 "$dumpfile", "td1_tb.vcd" {0 0 0};
    %vpi_call 3 10 "$dumpvars", 32'sb00000000000000000000000000000000, S_0x560e1de12640 {0 0 0};
    %vpi_call 3 12 "$finish" {0 0 0};
    %end;
    .thread T_5;
# The file index is used to find the file name in the following table.
:file_names 4;
    "N/A";
    "<interactive>";
    "/home/arnav-panjla/Desktop/Codes/ToDo/serious_todo/ELP305_thu/Core/main/ffpga/src/main.v";
    "/home/arnav-panjla/Desktop/Codes/ToDo/serious_todo/ELP305_thu/Core/main/ffpga/sim/td1_tb.vt";
