#COLLECTE 4 WINNING_JOBS
##PARALLEL JOB[3] (2,expjob_2) timing=7509 dir=minplacer/00002_pa02_00006_rplan
##PARALLEL JOB[2] (1,expjob_1) timing=7509 dir=minplacer/00001_pa01_00006_rplan
##PARALLEL JOB[1] (3,expjob_3) timing=7424 dir=minplacer/00003_pa03_00006_rplan
##PARALLEL JOB[0] (0,expjob_0) timing=7273 dir=minplacer/00000_pa00_00006_rplan
PrePlaceDly=33240
#PLC_RUNDIR=minplacer/00000_pa00_00003_wl timing=4623 cg=0
PlaceDly=4623
TWL=4200
PEAKMEM=1304MB
#PLC_RUNDIR=minplacer/00000_pa00_00004_repopt timing=4623 cg=0
PlaceDly=4623
TWL=4200
PEAKMEM=1337MB
#PLC_RUNDIR=minplacer/00000_pa00_00005_post timing=7273 cg=0
PostIter=16
PlaceDly=7273
TWL=5020
PEAKMEM=1415MB
TotPostIter=16
#PLC_RUNDIR=minplacer/00000_pa00_00006_rplan timing=7273 cg=50
FinderPnRatio=50
FinderPnIter=0
PlaceDly=7273
PEAKMEM=1374MB
ParWin                              =expjob_0
