net 2: (10 0)->(10 0) 0 0 0 0 #timing (0 0) ps
net 2: (10 0)->(8 2) 1 3 0 0 #timing (139 121) ps
net 2: (8 2)->(8 6) 3 1 0 0 #timing (473 454) ps
net 2: (8 6)->(8 6) 5 0 1 0 #timing (609 601) ps
net 2: (8 6)->(25 6) 13 2 1 0 #timing (1274 1157) ps
net 2: (25 6)->(17 14) 5 3 0 1 #timing (1984 1851) ps 
net 2: (17 14)->(17 14) 1 0 0 1 #timing (2168 2023) ps 
net 2: (17 14)->(16 14) 0 2 0 1 #timing (2143 2280) ps 
net 2: (17 14)->(19 12) 1 3 0 1 #timing (2263 2083) ps 
net 2: (19 12)->(18 13) 0 3 0 1 #timing (2246 2440) ps 
net 2: (25 6)->(25 22) 13 1 0 0 #timing (1895 1899) ps
net 2: (25 22)->(25 30) 5 1 0 1 #timing (2483 2469) ps 
net 2: (25 30)->(27 30) 1 2 0 1 #timing (2755 2707) ps 
net 2: (27 30)->(26 31) 0 3 0 1 #timing (2824 2899) ps 
net 3: (9 0)->(9 0) 0 0 0 0 #timing (1 1) ps
net 3: (9 0)->(11 2) 1 3 0 0 #timing (183 149) ps
net 3: (11 2)->(11 2) 5 0 1 0 #timing (284 372) ps
net 3: (11 2)->(26 2) 13 2 1 0 #timing (983 783) ps
net 3: (26 2)->(26 2) 5 0 0 1 #timing (1223 1036) ps 
net 3: (26 2)->(24 0) 1 3 0 1 #timing (1421 1215) ps 
net 3: (24 0)->(24 0) 0 0 0 1 #timing (1331 1550) ps 
net 3: (26 2)->(18 10) 5 3 0 1 #timing (1700 1489) ps 
net 3: (18 10)->(18 14) 3 1 0 1 #timing (2092 1804) ps 
net 3: (18 14)->(18 14) 1 0 0 1 #timing (2185 1904) ps 
net 3: (18 14)->(19 15) 0 3 0 1 #timing (2019 2293) ps 
net 3: (18 14)->(16 14) 1 2 0 1 #timing (2247 1945) ps 
net 3: (16 14)->(16 14) 0 0 0 1 #timing (2060 2375) ps 
net 3: (26 2)->(26 18) 13 1 0 0 #timing (1415 1522) ps
net 3: (26 18)->(26 18) 5 0 0 1 #timing (1656 1773) ps 
net 3: (26 18)->(26 22) 3 1 0 1 #timing (2005 2057) ps 
net 3: (26 22)->(24 22) 1 2 0 1 #timing (2127 2176) ps 
net 3: (24 22)->(24 23) 0 1 0 1 #timing (2276 2234) ps 
net 4: (22 0)->(22 0) 0 0 0 0 #timing (1 1) ps
net 4: (22 0)->(22 0) 1 0 0 0 #timing (87 90) ps
net 4: (22 0)->(26 0) 4 5 0 0 #timing (415 364) ps
net 4: (26 0)->(26 0) 5 0 1 0 #timing (551 511) ps
net 4: (26 0)->(10 0) 13 2 0 0 #timing (1184 1099) ps
net 4: (10 0)->(10 0) 5 0 1 1 #timing (1421 1348) ps 
net 4: (10 0)->(8 0) 1 2 0 1 #timing (1579 1499) ps 
net 4: (8 0)->(8 0) 0 0 0 1 #timing (1602 1691) ps 
net 4: (22 0)->(23 1) 0 3 0 0 #timing (2 2) ps
net 4: (23 1)->(23 3) 1 1 0 0 #timing (109 105) ps
net 4: (23 3)->(23 3) 5 0 0 0 #timing (217 255) ps
net 4: (23 3)->(23 11) 5 1 0 1 #timing (609 642) ps 
net 4: (23 11)->(19 11) 4 2 0 1 #timing (878 884) ps 
net 4: (19 11)->(19 15) 3 1 0 1 #timing (1168 1123) ps 
net 4: (19 15)->(19 15) 1 0 1 1 #timing (1265 1225) ps 
net 4: (19 15)->(19 15) 0 0 0 1 #timing (1325 1366) ps 
net 4: (23 1)->(21 3) 1 3 0 0 #timing (155 129) ps
net 4: (21 3)->(21 3) 5 0 0 0 #timing (254 328) ps
net 4: (21 3)->(21 11) 5 1 0 1 #timing (592 667) ps 
net 4: (21 11)->(17 11) 4 2 0 1 #timing (879 907) ps 
net 4: (17 11)->(17 15) 3 1 0 1 #timing (1161 1140) ps 
net 4: (17 15)->(17 15) 1 0 0 1 #timing (1256 1241) ps 
net 4: (17 15)->(16 14) 0 3 0 1 #timing (1378 1377) ps 
net 4: (21 3)->(21 18) 13 1 1 0 #timing (906 724) ps
net 4: (21 18)->(21 18) 5 0 1 1 #timing (1141 971) ps 
net 4: (21 18)->(25 18) 4 5 0 1 #timing (1523 1293) ps 
net 4: (25 18)->(25 22) 3 1 0 1 #timing (1834 1548) ps 
net 4: (25 22)->(25 22) 1 0 1 1 #timing (1950 1670) ps 
net 4: (25 22)->(24 23) 0 3 0 1 #timing (1781 2056) ps 
net 5: (14 15)->(15 15) 0 2 0 0 #timing (738 738) ps
net 5: (15 15)->(13 15) 1 2 0 0 #timing (875 859) ps
net 5: (13 15)->(13 15) 1 0 0 1 #timing (1098 1061) ps 
net 5: (13 15)->(13 14) 0 1 0 1 #timing (1174 1206) ps 
net 7: (16 18)->(16 18) 0 0 0 0 #timing (704 704) ps
net 7: (16 18)->(18 16) 1 3 0 0 #timing (875 840) ps
net 7: (18 16)->(16 16) 1 2 0 1 #timing (1162 1094) ps 
net 7: (16 16)->(16 16) 0 0 0 1 #timing (1233 1311) ps 
net 7: (16 16)->(16 17) 0 1 0 1 #timing (1205 1295) ps 
net 7: (16 16)->(17 16) 0 2 0 1 #timing (1228 1308) ps 
net 7: (18 16)->(18 12) 3 4 0 0 #timing (1125 1151) ps
net 7: (18 12)->(18 14) 1 1 0 1 #timing (1400 1372) ps 
net 7: (18 14)->(18 15) 0 1 0 1 #timing (1532 1555) ps 
net 9: (14 13)->(14 13) 0 0 0 0 #timing (680 680) ps
net 9: (14 13)->(12 15) 1 3 0 0 #timing (834 809) ps
net 9: (12 15)->(12 15) 1 0 1 1 #timing (1068 1023) ps 
net 9: (12 15)->(13 14) 0 3 0 1 #timing (1179 1199) ps 
net 10: (17 17)->(16 17) 0 2 0 0 #timing (172 172) ps
net 10: (16 17)->(16 19) 1 1 0 0 #timing (284 275) ps
net 10: (16 19)->(12 19) 4 5 0 1 #timing (713 632) ps 
net 10: (12 19)->(12 15) 3 4 0 1 #timing (990 854) ps 
net 10: (12 15)->(12 15) 1 0 0 1 #timing (1082 952) ps 
net 10: (12 15)->(12 15) 0 0 0 1 #timing (1066 1192) ps 
net 11: (17 18)->(16 18) 0 2 0 0 #timing (665 665) ps
net 11: (16 18)->(16 16) 1 1 0 0 #timing (800 778) ps
net 11: (16 16)->(16 12) 3 4 0 0 #timing (1054 1044) ps
net 11: (16 12)->(12 12) 4 5 0 0 #timing (1391 1333) ps
net 11: (12 12)->(12 14) 1 1 0 1 #timing (1574 1597) ps 
net 11: (12 14)->(12 15) 0 1 0 1 #timing (1757 1735) ps 
net 12: (15 15)->(15 14) 0 1 0 0 #timing (700 700) ps
net 12: (15 14)->(13 14) 1 2 0 0 #timing (836 815) ps
net 12: (13 14)->(13 14) 1 0 0 1 #timing (1055 1012) ps 
net 12: (13 14)->(13 14) 0 0 0 1 #timing (1144 1174) ps 
net 19: (23 0)->(23 0) 0 0 0 0 #timing (1 1) ps
net 19: (23 0)->(23 2) 1 1 0 0 #timing (118 111) ps
net 19: (23 2)->(19 2) 4 2 0 0 #timing (358 371) ps
net 19: (19 2)->(19 2) 5 0 0 0 #timing (489 523) ps
net 19: (19 2)->(19 19) 13 1 1 0 #timing (1085 946) ps
net 19: (19 19)->(19 19) 5 0 0 1 #timing (1297 1172) ps 
net 19: (19 19)->(17 19) 1 2 0 1 #timing (1478 1339) ps 
net 19: (17 19)->(17 18) 0 1 0 1 #timing (1479 1637) ps 
net 19: (23 2)->(23 2) 5 0 0 0 #timing (227 272) ps
net 19: (23 2)->(23 10) 5 1 0 1 #timing (616 656) ps 
net 19: (23 10)->(19 10) 4 2 0 1 #timing (889 903) ps 
net 19: (19 10)->(19 14) 3 1 0 1 #timing (1179 1144) ps 
net 19: (19 14)->(19 14) 1 0 0 1 #timing (1278 1248) ps 
net 19: (19 14)->(18 15) 0 3 0 1 #timing (1390 1400) ps 
net 19: (23 2)->(6 2) 13 2 1 0 #timing (972 795) ps
net 19: (6 2)->(6 18) 13 1 0 0 #timing (1471 1551) ps
net 19: (6 18)->(6 26) 5 1 0 1 #timing (1955 2013) ps 
net 19: (6 26)->(10 26) 4 5 0 1 #timing (2263 2274) ps 
net 19: (10 26)->(10 30) 3 1 0 1 #timing (2553 2511) ps 
net 19: (10 30)->(8 30) 1 2 0 1 #timing (2670 2626) ps 
net 19: (8 30)->(8 31) 0 1 0 1 #timing (2751 2792) ps 
net 19: (23 0)->(22 1) 0 3 0 0 #timing (3 4) ps
net 19: (22 1)->(20 1) 1 2 0 0 #timing (133 121) ps
net 19: (20 1)->(16 1) 4 2 0 0 #timing (433 434) ps
net 19: (16 1)->(16 1) 5 0 0 0 #timing (559 580) ps
net 19: (16 1)->(16 16) 13 1 1 0 #timing (1155 1026) ps
net 19: (16 16)->(16 16) 5 0 1 1 #timing (1370 1253) ps 
net 19: (16 16)->(16 18) 1 1 0 1 #timing (1560 1426) ps 
net 19: (16 18)->(16 18) 0 0 0 1 #timing (1562 1702) ps 
net 21: (13 15)->(12 14) 0 3 0 0 #timing (702 702) ps
net 21: (12 14)->(14 14) 1 2 0 0 #timing (848 829) ps
net 21: (14 14)->(14 14) 5 0 1 0 #timing (949 1006) ps
net 21: (14 14)->(14 31) 13 1 1 0 #timing (1669 1487) ps
net 21: (14 31)->(14 31) 5 0 0 1 #timing (1901 1732) ps 
net 21: (14 31)->(10 31) 4 2 0 1 #timing (2240 2021) ps 
net 21: (10 31)->(8 31) 1 2 0 1 #timing (2488 2221) ps 
net 21: (8 31)->(9 31) 0 2 0 1 #timing (2351 2614) ps 
net 22: (16 18)->(17 18) 0 2 0 0 #timing (204 204) ps
net 22: (17 18)->(19 16) 1 3 0 0 #timing (385 349) ps
net 22: (19 16)->(19 20) 3 1 0 0 #timing (675 690) ps
net 22: (19 20)->(19 20) 5 0 1 0 #timing (802 830) ps
net 22: (19 20)->(27 28) 5 3 0 1 #timing (1370 1401) ps 
net 22: (27 28)->(25 30) 1 3 0 1 #timing (1630 1625) ps 
net 22: (25 30)->(24 31) 0 3 0 1 #timing (1827 1854) ps 
net 23: (16 17)->(16 17) 0 0 0 0 #timing (155 155) ps
net 23: (16 17)->(18 19) 1 3 0 0 #timing (310 283) ps
net 23: (18 19)->(18 19) 5 0 1 0 #timing (419 499) ps
net 23: (18 19)->(26 27) 5 3 0 1 #timing (1055 1131) ps 
net 23: (26 27)->(22 27) 4 5 0 1 #timing (1498 1388) ps 
net 23: (22 27)->(22 31) 3 1 0 1 #timing (1801 1634) ps 
net 23: (22 31)->(22 31) 1 0 1 1 #timing (1903 1740) ps 
net 23: (22 31)->(22 31) 0 0 0 1 #timing (1846 2007) ps 
net 24: (13 15)->(13 15) 0 0 0 0 #timing (178 178) ps
net 24: (13 15)->(15 13) 1 3 0 0 #timing (341 312) ps
net 24: (15 13)->(15 9) 3 1 0 0 #timing (610 618) ps
net 24: (15 9)->(19 9) 4 5 0 0 #timing (949 912) ps
net 24: (19 9)->(19 9) 5 0 0 0 #timing (1071 1049) ps
net 24: (19 9)->(19 1) 5 1 0 1 #timing (1391 1380) ps 
net 24: (19 1)->(23 1) 4 2 0 1 #timing (1632 1606) ps 
net 24: (23 1)->(23 1) 1 0 1 1 #timing (1823 1774) ps 
net 24: (23 1)->(22 0) 0 3 0 1 #timing (1872 1921) ps 
net 24: (15 13)->(15 13) 5 0 0 0 #timing (431 503) ps
net 24: (15 13)->(15 5) 5 1 0 1 #timing (769 848) ps 
net 24: (15 5)->(11 5) 4 2 0 1 #timing (1042 1085) ps 
net 24: (11 5)->(11 1) 3 1 0 1 #timing (1371 1341) ps 
net 24: (11 1)->(9 1) 1 2 0 1 #timing (1541 1492) ps 
net 24: (9 1)->(9 0) 0 1 0 1 #timing (1620 1694) ps 
net 24: (13 15)->(12 15) 0 2 0 0 #timing (183 183) ps
net 24: (12 15)->(12 15) 1 0 0 0 #timing (262 265) ps
net 24: (12 15)->(12 15) 5 0 0 0 #timing (367 380) ps
net 24: (12 15)->(12 7) 5 1 0 1 #timing (731 742) ps 
net 24: (12 7)->(8 7) 4 2 0 1 #timing (955 951) ps 
net 24: (8 7)->(8 3) 3 1 0 1 #timing (1294 1214) ps 
net 24: (8 3)->(10 1) 1 3 0 1 #timing (1452 1358) ps 
net 24: (10 1)->(10 0) 0 1 0 1 #timing (1489 1590) ps 
net 29: (17 17)->(17 17) 0 0 0 0 #timing (182 182) ps
net 29: (17 17)->(19 19) 1 3 0 0 #timing (326 305) ps
net 29: (19 19)->(19 15) 3 4 0 1 #timing (774 666) ps 
net 29: (19 15)->(19 13) 1 1 0 1 #timing (914 799) ps 
net 29: (19 13)->(18 13) 0 2 0 1 #timing (929 1053) ps 
net 29: (19 15)->(17 13) 1 3 0 1 #timing (966 832) ps 
net 29: (17 13)->(16 13) 0 2 0 1 #timing (979 1140) ps 
net 30: (17 14)->(17 14) 0 0 0 0 #timing (185 185) ps
net 30: (17 14)->(17 12) 1 1 0 0 #timing (309 296) ps
net 30: (17 12)->(19 12) 1 2 0 1 #timing (591 531) ps 
net 30: (19 12)->(19 13) 0 1 0 1 #timing (672 737) ps 
net 31: (16 14)->(16 15) 0 1 0 0 #timing (180 180) ps
net 31: (16 15)->(18 15) 1 2 0 0 #timing (309 293) ps
net 31: (18 15)->(18 15) 1 0 0 1 #timing (528 489) ps 
net 31: (18 15)->(18 15) 0 0 0 1 #timing (603 637) ps 
net 31: (16 14)->(17 14) 0 2 0 0 #timing (180 180) ps
net 31: (17 14)->(17 14) 1 0 0 0 #timing (261 262) ps
net 31: (17 14)->(17 18) 3 4 0 0 #timing (567 507) ps
net 31: (17 18)->(17 16) 1 1 0 1 #timing (820 715) ps 
net 31: (17 16)->(17 16) 0 0 0 1 #timing (836 960) ps 
net 31: (17 16)->(16 16) 0 2 0 1 #timing (861 975) ps 
net 31: (17 18)->(17 18) 5 0 0 0 #timing (692 645) ps
net 31: (17 18)->(17 26) 5 1 0 1 #timing (1043 997) ps 
net 31: (17 26)->(21 26) 4 2 0 1 #timing (1314 1230) ps 
net 31: (21 26)->(21 30) 3 1 0 1 #timing (1600 1460) ps 
net 31: (21 30)->(23 30) 1 2 0 1 #timing (1746 1594) ps 
net 31: (23 30)->(23 31) 0 1 0 1 #timing (1723 1881) ps 
net 31: (17 14)->(13 14) 4 5 0 0 #timing (537 501) ps
net 31: (13 14)->(13 14) 1 0 1 1 #timing (702 712) ps 
net 31: (13 14)->(12 14) 0 2 0 1 #timing (832 814) ps 
net 31: (13 14)->(15 12) 1 3 0 1 #timing (785 768) ps 
net 31: (15 12)->(14 13) 0 3 0 1 #timing (932 959) ps 
net 32: (16 15)->(16 15) 0 0 0 0 #timing (726 726) ps
net 32: (16 15)->(16 15) 1 0 0 0 #timing (797 802) ps
net 32: (16 15)->(16 15) 1 0 1 1 #timing (1001 972) ps 
net 32: (16 15)->(16 15) 0 0 0 1 #timing (1088 1112) ps 
net 32: (16 15)->(16 14) 0 1 0 1 #timing (1101 1118) ps 
net 32: (16 15)->(17 15) 0 2 0 1 #timing (1081 1107) ps 
net 32: (16 15)->(17 14) 0 3 0 1 #timing (1128 1132) ps 
net 32: (16 15)->(18 15) 1 2 0 1 #timing (1036 997) ps 
net 32: (18 15)->(19 15) 0 2 0 1 #timing (1122 1179) ps 
net 32: (16 15)->(16 19) 3 4 0 0 #timing (1075 1022) ps
net 32: (16 19)->(16 17) 1 1 0 1 #timing (1331 1232) ps 
net 32: (16 17)->(16 16) 0 1 0 1 #timing (1392 1487) ps 
net 32: (16 17)->(17 16) 0 3 0 1 #timing (1362 1472) ps 
net 32: (16 15)->(12 15) 4 5 0 0 #timing (1146 1072) ps
net 32: (12 15)->(12 13) 1 1 0 1 #timing (1316 1353) ps 
net 32: (12 13)->(12 13) 0 0 0 1 #timing (1476 1448) ps 
net 32: (12 15)->(14 13) 1 3 0 1 #timing (1356 1377) ps 
net 32: (14 13)->(14 13) 0 0 0 1 #timing (1517 1524) ps 
net 32: (16 15)->(16 15) 5 0 0 0 #timing (904 915) ps
net 32: (16 15)->(16 30) 13 1 1 0 #timing (1482 1364) ps
net 32: (16 30)->(24 30) 5 2 0 1 #timing (2020 1856) ps 
net 32: (24 30)->(24 30) 1 0 1 1 #timing (2063 2193) ps 
net 32: (24 30)->(25 31) 0 3 0 1 #timing (2317 2176) ps 
net 33: (16 13)->(16 13) 0 0 0 0 #timing (680 680) ps
net 33: (16 13)->(16 13) 1 0 0 0 #timing (751 758) ps
net 33: (16 13)->(16 13) 1 0 1 1 #timing (954 928) ps 
net 33: (16 13)->(17 13) 0 2 0 1 #timing (1025 1053) ps 
net 33: (16 13)->(18 13) 1 2 0 1 #timing (989 953) ps 
net 33: (18 13)->(19 13) 0 2 0 1 #timing (1068 1130) ps 
net 33: (16 13)->(16 17) 3 4 0 1 #timing (1133 1053) ps 
net 33: (16 17)->(16 19) 1 1 0 1 #timing (1269 1184) ps 
net 33: (16 19)->(16 18) 0 1 0 1 #timing (1307 1407) ps 
net 33: (16 13)->(12 13) 4 5 0 0 #timing (1059 1006) ps
net 33: (12 13)->(12 13) 1 0 1 1 #timing (1207 1234) ps 
net 33: (12 13)->(13 13) 0 2 0 1 #timing (1330 1305) ps 
net 33: (16 13)->(17 13) 0 2 0 0 #timing (688 688) ps
net 33: (17 13)->(17 13) 1 0 0 0 #timing (766 763) ps
net 33: (17 13)->(17 9) 3 1 0 0 #timing (1032 990) ps
net 33: (17 9)->(17 9) 5 0 0 0 #timing (1155 1126) ps
net 33: (17 9)->(25 1) 5 3 0 1 #timing (1759 1725) ps 
net 33: (25 1)->(25 1) 1 0 0 1 #timing (1939 1894) ps 
net 33: (25 1)->(25 0) 0 1 0 1 #timing (1992 2038) ps 
net 33: (17 13)->(13 13) 4 5 0 0 #timing (1024 998) ps
net 33: (13 13)->(15 13) 1 2 0 1 #timing (1257 1238) ps 
net 33: (15 13)->(14 13) 0 2 0 1 #timing (1379 1400) ps 
net 34: (16 14)->(16 14) 0 0 0 0 #timing (166 166) ps
net 34: (16 14)->(18 12) 1 3 0 0 #timing (339 304) ps
net 34: (18 12)->(16 12) 1 2 0 1 #timing (616 548) ps 
net 34: (16 12)->(16 13) 0 1 0 1 #timing (706 768) ps 
net 35: (17 13)->(17 13) 0 0 0 0 #timing (204 204) ps
net 35: (17 13)->(19 15) 1 3 0 0 #timing (355 326) ps
net 35: (19 15)->(19 15) 1 0 0 1 #timing (595 547) ps 
net 35: (19 15)->(18 15) 0 2 0 1 #timing (667 708) ps 
net 35: (17 13)->(17 12) 0 1 0 0 #timing (203 203) ps
net 35: (17 12)->(17 14) 1 1 0 0 #timing (322 317) ps
net 35: (17 14)->(17 14) 1 0 1 1 #timing (547 518) ps 
net 35: (17 14)->(16 15) 0 3 0 1 #timing (660 669) ps 
net 36: (12 15)->(12 14) 0 1 0 0 #timing (198 198) ps
net 36: (12 14)->(12 14) 1 0 0 0 #timing (282 281) ps
net 36: (12 14)->(16 14) 4 5 0 0 #timing (547 520) ps
net 36: (16 14)->(16 14) 5 0 0 0 #timing (671 658) ps
net 36: (16 14)->(16 6) 5 1 0 1 #timing (1023 1012) ps 
net 36: (16 6)->(20 6) 4 2 0 1 #timing (1276 1239) ps 
net 36: (20 6)->(20 2) 3 1 0 1 #timing (1594 1488) ps 
net 36: (20 2)->(22 0) 1 3 0 1 #timing (1782 1651) ps 
net 36: (22 0)->(22 0) 0 0 0 1 #timing (1785 1944) ps 
net 36: (12 14)->(12 14) 5 0 0 0 #timing (383 400) ps
net 36: (12 14)->(12 6) 5 1 0 1 #timing (726 748) ps 
net 36: (12 6)->(8 6) 4 2 0 1 #timing (955 963) ps 
net 36: (8 6)->(8 2) 3 1 0 1 #timing (1286 1224) ps 
net 36: (8 2)->(8 0) 1 1 0 1 #timing (1434 1365) ps 
net 36: (8 0)->(9 0) 0 2 0 1 #timing (1486 1569) ps 
net 36: (8 2)->(10 0) 1 3 0 1 #timing (1447 1373) ps 
net 36: (10 0)->(10 0) 0 0 0 1 #timing (1488 1580) ps 
net 37: (24 24)->(24 24) 0 0 0 0 #timing (209 209) ps
net 37: (24 24)->(24 26) 1 1 0 0 #timing (329 321) ps
net 37: (24 26)->(24 26) 5 0 1 0 #timing (440 486) ps
net 37: (24 26)->(16 18) 5 3 0 1 #timing (1124 1158) ps 
net 37: (16 18)->(16 14) 3 4 0 1 #timing (1604 1528) ps 
net 37: (16 14)->(16 14) 1 0 1 1 #timing (1698 1627) ps 
net 37: (16 14)->(17 15) 0 3 0 1 #timing (1745 1808) ps 
net 38: (17 15)->(17 15) 0 0 0 0 #timing (686 686) ps
net 38: (17 15)->(17 15) 1 0 0 0 #timing (760 765) ps
net 38: (17 15)->(17 15) 1 0 1 1 #timing (963 936) ps 
net 38: (17 15)->(17 15) 0 0 0 1 #timing (1037 1065) ps 
net 38: (17 15)->(17 14) 0 1 0 1 #timing (1049 1070) ps 
net 38: (17 15)->(17 19) 3 4 0 1 #timing (1175 1081) ps 
net 38: (17 19)->(17 19) 1 0 0 1 #timing (1273 1185) ps 
net 38: (17 19)->(16 18) 0 3 0 1 #timing (1328 1396) ps 
net 38: (17 19)->(17 17) 1 1 0 1 #timing (1316 1215) ps 
net 38: (17 17)->(17 16) 0 1 0 1 #timing (1349 1456) ps 
net 38: (17 17)->(16 16) 0 3 0 1 #timing (1369 1464) ps 
net 38: (17 15)->(13 15) 4 5 0 0 #timing (1047 1002) ps
net 38: (13 15)->(13 13) 1 1 0 1 #timing (1252 1256) ps 
net 38: (13 13)->(13 13) 0 0 0 1 #timing (1366 1378) ps 
net 38: (17 15)->(17 15) 5 0 0 0 #timing (867 879) ps
net 38: (17 15)->(17 31) 13 1 0 0 #timing (1446 1330) ps
net 38: (17 31)->(25 31) 5 2 0 1 #timing (1980 1840) ps 
net 38: (25 31)->(27 31) 1 2 0 1 #timing (2117 2196) ps 
net 38: (27 31)->(27 31) 0 0 0 1 #timing (2302 2254) ps 
net 39: (19 15)->(19 15) 0 0 0 0 #timing (686 686) ps
net 39: (19 15)->(19 15) 1 0 0 0 #timing (759 765) ps
net 39: (19 15)->(15 15) 4 5 0 0 #timing (1023 986) ps
net 39: (15 15)->(13 15) 1 2 0 1 #timing (1231 1229) ps 
net 39: (13 15)->(12 14) 0 3 0 1 #timing (1382 1392) ps 
net 39: (19 15)->(19 15) 5 0 0 0 #timing (867 877) ps
net 39: (19 15)->(19 30) 13 1 1 0 #timing (1424 1313) ps
net 39: (19 30)->(19 30) 5 0 0 1 #timing (1656 1556) ps 
net 39: (19 30)->(23 30) 4 2 0 1 #timing (1929 1812) ps 
net 39: (23 30)->(21 30) 1 2 0 1 #timing (2158 2003) ps 
net 39: (21 30)->(21 31) 0 1 0 1 #timing (2118 2287) ps 
net 39: (19 15)->(19 14) 0 1 0 0 #timing (700 700) ps
net 39: (19 14)->(19 14) 1 0 0 0 #timing (781 780) ps
net 39: (19 14)->(19 14) 1 0 1 1 #timing (984 951) ps 
net 39: (19 14)->(19 15) 0 1 0 1 #timing (1098 1109) ps 
net 39: (19 14)->(17 14) 1 2 0 1 #timing (1028 982) ps 
net 39: (17 14)->(17 14) 0 0 0 1 #timing (1131 1187) ps 
net 39: (17 14)->(17 15) 0 1 0 1 #timing (1144 1195) ps 
net 39: (19 14)->(19 18) 3 4 0 0 #timing (1053 1008) ps
net 39: (19 18)->(17 18) 1 2 0 1 #timing (1301 1211) ps 
net 39: (17 18)->(16 18) 0 2 0 1 #timing (1356 1457) ps 
net 39: (19 18)->(17 16) 1 3 0 1 #timing (1345 1237) ps 
net 39: (17 16)->(17 17) 0 1 0 1 #timing (1391 1520) ps 
net 39: (19 14)->(15 14) 4 5 0 0 #timing (1056 1019) ps
net 39: (15 14)->(13 14) 1 2 0 1 #timing (1262 1259) ps 
net 39: (13 14)->(12 15) 0 3 0 1 #timing (1416 1419) ps 
net 40: (13 13)->(13 13) 0 0 0 0 #timing (204 204) ps
net 40: (13 13)->(13 15) 1 1 0 0 #timing (312 302) ps
net 40: (13 15)->(13 15) 1 0 1 1 #timing (535 503) ps 
net 40: (13 15)->(12 15) 0 2 0 1 #timing (625 649) ps 
net 41: (12 13)->(12 12) 0 1 0 0 #timing (189 189) ps
net 41: (12 12)->(12 14) 1 1 0 0 #timing (314 307) ps
net 41: (12 14)->(12 14) 1 0 1 1 #timing (532 499) ps 
net 41: (12 14)->(13 15) 0 3 0 1 #timing (614 640) ps 
net 41: (12 13)->(13 12) 0 3 0 0 #timing (184 184) ps
net 41: (13 12)->(13 12) 1 0 0 0 #timing (275 275) ps
net 41: (13 12)->(13 12) 1 0 1 1 #timing (478 445) ps 
net 41: (13 12)->(12 13) 0 3 0 1 #timing (585 600) ps 
net 46: (18 15)->(18 14) 0 1 0 0 #timing (198 198) ps
net 46: (18 14)->(18 14) 1 0 0 0 #timing (283 281) ps
net 46: (18 14)->(18 12) 1 1 0 1 #timing (532 483) ps 
net 46: (18 12)->(18 13) 0 1 0 1 #timing (615 676) ps 
net 46: (18 15)->(19 14) 0 3 0 0 #timing (209 209) ps
net 46: (19 14)->(19 12) 1 1 0 0 #timing (340 327) ps
net 46: (19 12)->(17 12) 1 2 0 1 #timing (600 546) ps 
net 46: (17 12)->(16 13) 0 3 0 1 #timing (705 768) ps 
