Timing Summary
==============

   PLACER-ESTIMATED-TIMING TSMC 40nm ULP tt1p1v25c_Typical

         Group  No. Clocks  No. Clock Pairs  WNS(ps)  TNS(ps)  TNS Endpoints  WHS(ps)  THS(ps)  THS Endpoints
   -----------  ----------  ---------------  -------  -------  -------------  -------  -------  -------------
    <UDEF_clk>           1                1    -5274  -108338             44     2058        0              0




Clocks
======

            Clock    Clock net        Group  Constrained Period(ps)      Waveform(ps)   Achievable Period(ps)  Achievable Frequency(MHz)
   --------------  -----------  -----------  ----------------------  -----------------  ---------------------  -------------------------
              clk          clk   <UDEF_clk>           (auto) 2000            (0,1000)                   7273                    137.495 




Clock Relationships
===================

       From Clock        To Clock               Group    Endpoints     WNS(ps)    TNS(ps)  TNS Endpoints     WHS(ps)    THS(ps)  THS Endpoints
   --------------  --------------  ------------------  -----------  ----------  ---------  -------------  ----------  ---------  -------------
              clk             clk          <UDEF_clk>           44       -5274    -108338             44        2058          0              0




Timing Details for Clock Pair clk and clk
=========================================

       From Clock        To Clock               Group    Endpoints     WNS(ps)    TNS(ps)  TNS Endpoints     WHS(ps)    THS(ps)  THS Endpoints
   --------------  --------------  ------------------  -----------  ----------  ---------  -------------  ----------  ---------  -------------
              clk             clk          <UDEF_clk>           44       -5274    -108338             44        2058          0              0

Path 3:
   Slack (not met):                         -5274ps
     Path type:                               SETUP
     Group:                              <UDEF_clk>
     Launching clock:                           clk (rising edge)
     Capturing clock:                           clk (rising edge)

     Requested period:                       2000ps
   + Delay of the capturing clock:           1015ps
   - Clock uncertainty:                       150ps
   = Required time:                          2865ps
   - Propagation time:                       7110ps (54.2% logic, 45.8% route, logic stage 3)
   - Delay of the launching clock:           1029ps
   = Slack:                                 -5274ps

   Instance/Pin or Net Name   Type         ID     Location or Fanout   Delay(ps)  Edge  Arrival Time(ps)    Instance detail                                                                  
   --------------------------------------------------------------------------------------------------------------------------------------------------------------------------------------------
   clk                        CLOCK-PORT    -                      -     launch     r               0                                                                                        
   clk                        Clock net    25           (fanout=263)       1029                     -                                                                                        
   RBB_19/CLK                 RBB_6L       19  [TILE 0 0, RBB 13 16]          -     r            1029                                                                                        
   --------------------------------------------------------------------------------------------------------------------------------------------------------------------------------------------
   RBB_19/DMUX                RBB_6L       19  [TILE 0 0, RBB 13 16]       1466     r            2495     {inst58: state_FDRE_Q (FDRE,site=dffo)}                                            
   ctrl_d_LUT5_I1_I4[2]       Net          31             (fanout=6)        795                     -                                                                                        
   RBB_18/B1                  RBB_6L       18  [TILE 0 0, RBB 13 12]          -     r            3290                                                                                        
   RBB_18/B                   RBB_6L       18  [TILE 0 0, RBB 13 12]        707     r            3997     {inst74: trigger_FDRE_Q_CE_LUT4_O (LUT,site=blut)}                                 
   trigger_FDRE_Q_CE[5]       Net          41             (fanout=2)        535                     -                                                                                        
   RBB_18/C1                  RBB_6L       18  [TILE 0 0, RBB 13 12]          -     r            4532                                                                                        
   RBB_18/C                   RBB_6L       18  [TILE 0 0, RBB 13 12]        711     r            5243     {inst57: raw_chunk[0]_FDRE_Q_R_LUT2_O (LUT,site=clut)}                             
   raw_chunk[0]_FDRE_Q_R      Net          24             (fanout=3)       1926                     -                                                                                        
   RBB_3/SR                   IOB           3   [TILE 0 0, RBB 0 22]          -     r            7169     {(input_port) inst81: g_81_id00031_ibuf (IO)} {inst53: raw_chunk[0]_FDRE_Q (FDRE)} 
   --------------------------------------------------------------------------------------------------------------------------------------------------------------------------------------------
   RBB_3/CLK                  IOB           3   [TILE 0 0, RBB 0 22]        970     r            8139                                                                                        
   clk                        Clock net    25           (fanout=263)      -1015                     -                                                                                        
   clk                        CLOCK-PORT    -                      -    capture     r            7124                                                                                        
   --------------------------------------------------------------------------------------------------------------------------------------------------------------------------------------------


Path 4:
   Slack (not met):                         -5224ps
     Path type:                               SETUP
     Group:                              <UDEF_clk>
     Launching clock:                           clk (rising edge)
     Capturing clock:                           clk (rising edge)

     Requested period:                       2000ps
   + Delay of the capturing clock:           1015ps
   - Clock uncertainty:                       150ps
   = Required time:                          2865ps
   - Propagation time:                       7060ps (45.5% logic, 54.5% route, logic stage 3)
   - Delay of the launching clock:           1029ps
   = Slack:                                 -5224ps

   Instance/Pin or Net Name   Type         ID     Location or Fanout   Delay(ps)  Edge  Arrival Time(ps)    Instance detail                                                                  
   --------------------------------------------------------------------------------------------------------------------------------------------------------------------------------------------
   clk                        CLOCK-PORT    -                      -     launch     r               0                                                                                        
   clk                        Clock net    25           (fanout=263)       1029                     -                                                                                        
   RBB_19/CLK                 RBB_6L       19  [TILE 0 0, RBB 13 16]          -     r            1029                                                                                        
   --------------------------------------------------------------------------------------------------------------------------------------------------------------------------------------------
   RBB_19/BQ                  RBB_6L       19  [TILE 0 0, RBB 13 16]        800     r            1829     {inst62: state_FDRE_Q_4 (FDRE,site=bff)}                                           
   ctrl_d_LUT5_I1_I3[1]       Net          33            (fanout=10)       1300                     -                                                                                        
   RBB_18/A5                  RBB_6L       18  [TILE 0 0, RBB 13 12]          -     r            3129                                                                                        
   RBB_18/A                   RBB_6L       18  [TILE 0 0, RBB 13 12]        706     r            3835     {inst52: dac_LUT5_I0 (LUT,site=alut)}                                              
   trigger_FDRE_Q_CE[4]       Net          40             (fanout=1)        628                     -                                                                                        
   RBB_18/D3                  RBB_6L       18  [TILE 0 0, RBB 13 12]          -     r            4463                                                                                        
   RBB_18/D                   RBB_6L       18  [TILE 0 0, RBB 13 12]        694     r            5157     {inst56: raw_chunk[0]_FDRE_Q_CE_LUT6_O (LUT,site=dlut,dluto)}                      
   raw_chunk[0]_FDRE_Q_CE     Net          36             (fanout=3)       1920                     -                                                                                        
   RBB_3/CE                   IOB           3   [TILE 0 0, RBB 0 22]          -     r            7077     {(input_port) inst81: g_81_id00031_ibuf (IO)} {inst53: raw_chunk[0]_FDRE_Q (FDRE)} 
   --------------------------------------------------------------------------------------------------------------------------------------------------------------------------------------------
   RBB_3/CLK                  IOB           3   [TILE 0 0, RBB 0 22]       1012     r            8089                                                                                        
   clk                        Clock net    25           (fanout=263)      -1015                     -                                                                                        
   clk                        CLOCK-PORT    -                      -    capture     r            7074                                                                                        
   --------------------------------------------------------------------------------------------------------------------------------------------------------------------------------------------


Path 5:
   Slack (not met):                         -4995ps
     Path type:                               SETUP
     Group:                              <UDEF_clk>
     Launching clock:                           clk (rising edge)
     Capturing clock:                           clk (rising edge)

     Requested period:                       2000ps
   + Delay of the capturing clock:            956ps
   - Clock uncertainty:                       150ps
   = Required time:                          2806ps
   - Propagation time:                       6772ps (56.9% logic, 43.1% route, logic stage 3)
   - Delay of the launching clock:           1029ps
   = Slack:                                 -4995ps

   Instance/Pin or Net Name   Type         ID     Location or Fanout   Delay(ps)  Edge  Arrival Time(ps)    Instance detail                                                                    
   ----------------------------------------------------------------------------------------------------------------------------------------------------------------------------------------------
   clk                        CLOCK-PORT    -                      -     launch     r               0                                                                                          
   clk                        Clock net    25           (fanout=263)       1029                     -                                                                                          
   RBB_19/CLK                 RBB_6L       19  [TILE 0 0, RBB 13 16]          -     r            1029                                                                                          
   ----------------------------------------------------------------------------------------------------------------------------------------------------------------------------------------------
   RBB_19/DMUX                RBB_6L       19  [TILE 0 0, RBB 13 16]       1466     r            2495     {inst58: state_FDRE_Q (FDRE,site=dffo)}                                              
   ctrl_d_LUT5_I1_I4[2]       Net          31             (fanout=6)        795                     -                                                                                          
   RBB_18/B1                  RBB_6L       18  [TILE 0 0, RBB 13 12]          -     r            3290                                                                                          
   RBB_18/B                   RBB_6L       18  [TILE 0 0, RBB 13 12]        707     r            3997     {inst74: trigger_FDRE_Q_CE_LUT4_O (LUT,site=blut)}                                   
   trigger_FDRE_Q_CE[5]       Net          41             (fanout=2)        535                     -                                                                                          
   RBB_18/C1                  RBB_6L       18  [TILE 0 0, RBB 13 12]          -     r            4532                                                                                          
   RBB_18/C                   RBB_6L       18  [TILE 0 0, RBB 13 12]        711     r            5243     {inst57: raw_chunk[0]_FDRE_Q_R_LUT2_O (LUT,site=clut)}                               
   raw_chunk[0]_FDRE_Q_R      Net          24             (fanout=3)       1588                     -                                                                                          
   RBB_2/SR                   IOB           2   [TILE 0 0, RBB 0 10]          -     r            6831     {(input_port) inst79: g_79_id00033_ibuf (IO)} {inst55: raw_chunk[0]_FDRE_Q_2 (FDRE)} 
   ----------------------------------------------------------------------------------------------------------------------------------------------------------------------------------------------
   RBB_2/CLK                  IOB           2   [TILE 0 0, RBB 0 10]        970     r            7801                                                                                          
   clk                        Clock net    25           (fanout=263)       -956                     -                                                                                          
   clk                        CLOCK-PORT    -                      -    capture     r            6845                                                                                          
   ----------------------------------------------------------------------------------------------------------------------------------------------------------------------------------------------


Path 6:
   Slack (met):                              2058ps
     Path type:                                HOLD
     Group:                              <UDEF_clk>
     Launching clock:                           clk (rising edge)
     Capturing clock:                           clk (rising edge)

   + Delay of the launching clock:            971ps
   + Propagation time:                       2263ps (60.1% logic, 39.9% route, logic stage 1)
   - Delay of the capturing clock:           1026ps
   - Clock uncertainty:                       150ps
   - Requested period:                          0ps
   = Slack:                                  2058ps

   Instance/Pin or Net Name   Type         ID     Location or Fanout   Delay(ps)  Edge  Arrival Time(ps)    Instance detail                       
   -------------------------------------------------------------------------------------------------------------------------------------------------
   clk                        CLOCK-PORT    -                      -     launch     r               0                                             
   clk                        Clock net    25           (fanout=263)        971                     -                                             
   RBB_19/CLK                 RBB_6L       19  [TILE 0 0, RBB 13 16]          -     r             971                                             
   -------------------------------------------------------------------------------------------------------------------------------------------------
   RBB_19/DMUX                RBB_6L       19  [TILE 0 0, RBB 13 16]        800     r            1771     {inst58: state_FDRE_Q (FDRE,site=dffo)} 
   ctrl_d_LUT5_I1_I4[2]       Net          31             (fanout=6)        903                     -                                             
   RBB_22/D6                  RBB_6L       22  [TILE 0 0, RBB 13 14]          -     r            2674     {inst51: dac_FDRE_Q_6 (FD,site=dff)}    
   -------------------------------------------------------------------------------------------------------------------------------------------------
   RBB_22/CLK                 RBB_6L       22  [TILE 0 0, RBB 13 14]        560     r            3234                                             
   clk                        Clock net    25           (fanout=263)      -1026                     -                                             
   clk                        CLOCK-PORT    -                      -    capture     r            2208                                             
   -------------------------------------------------------------------------------------------------------------------------------------------------


Path 7:
   Slack (met):                              2372ps
     Path type:                                HOLD
     Group:                              <UDEF_clk>
     Launching clock:                           clk (rising edge)
     Capturing clock:                           clk (rising edge)

   + Delay of the launching clock:            971ps
   + Propagation time:                       2562ps (48.9% logic, 51.1% route, logic stage 1)
   - Delay of the capturing clock:           1011ps
   - Clock uncertainty:                       150ps
   - Requested period:                          0ps
   = Slack:                                  2372ps

   Instance/Pin or Net Name         Type         ID     Location or Fanout   Delay(ps)  Edge  Arrival Time(ps)    Instance detail                           
   -----------------------------------------------------------------------------------------------------------------------------------------------------------
   clk                              CLOCK-PORT    -                      -     launch     r               0                                                 
   clk                              Clock net    25           (fanout=263)        971                     -                                                 
   RBB_19/CLK                       RBB_6L       19  [TILE 0 0, RBB 13 16]          -     r             971                                                 
   -----------------------------------------------------------------------------------------------------------------------------------------------------------
   RBB_19/CQ                        RBB_6L       19  [TILE 0 0, RBB 13 16]        800     r            1771     {inst60: state_FDRE_Q_2 (FDRE,site=cff)}    
   state_FDRE_Q_4_D_LUT6_O_1_I4[1]  Net          38             (fanout=8)       1309                     -                                                 
   RBB_17/C6                        RBB_6L       17  [TILE 0 0, RBB 16 16]          -     r            3080     {inst70: state_prev_FDRE_Q_1 (FD,site=cff)} 
   -----------------------------------------------------------------------------------------------------------------------------------------------------------
   RBB_17/CLK                       RBB_6L       17  [TILE 0 0, RBB 16 16]        453     r            3533                                                 
   clk                              Clock net    25           (fanout=263)      -1011                     -                                                 
   clk                              CLOCK-PORT    -                      -    capture     r            2522                                                 
   -----------------------------------------------------------------------------------------------------------------------------------------------------------


Path 8:
   Slack (met):                              2419ps
     Path type:                                HOLD
     Group:                              <UDEF_clk>
     Launching clock:                           clk (rising edge)
     Capturing clock:                           clk (rising edge)

   + Delay of the launching clock:            971ps
   + Propagation time:                       2627ps (64.0% logic, 36.0% route, logic stage 1)
   - Delay of the capturing clock:           1029ps
   - Clock uncertainty:                       150ps
   - Requested period:                          0ps
   = Slack:                                  2419ps

   Instance/Pin or Net Name         Type         ID     Location or Fanout   Delay(ps)  Edge  Arrival Time(ps)    Instance detail                                                                                  
   ------------------------------------------------------------------------------------------------------------------------------------------------------------------------------------------------------------------
   clk                              CLOCK-PORT    -                      -     launch     r               0                                                                                                        
   clk                              Clock net    25           (fanout=263)        971                     -                                                                                                        
   RBB_19/CLK                       RBB_6L       19  [TILE 0 0, RBB 13 16]          -     r             971                                                                                                        
   ------------------------------------------------------------------------------------------------------------------------------------------------------------------------------------------------------------------
   RBB_19/CQ                        RBB_6L       19  [TILE 0 0, RBB 13 16]        800     r            1771     {inst60: state_FDRE_Q_2 (FDRE,site=cff)}                                                           
   state_FDRE_Q_4_D_LUT6_O_1_I4[1]  Net          38             (fanout=8)        946                     -                                                                                                        
   RBB_19/C3                        RBB_6L       19  [TILE 0 0, RBB 13 16]          -     r            2717     {inst66: state_FDRE_Q_4_D_LUT6_O_1 (LUT,site=clut,cluto)} {inst60: state_FDRE_Q_2 (FDRE,site=cff)} 
   ------------------------------------------------------------------------------------------------------------------------------------------------------------------------------------------------------------------
   RBB_19/CLK                       RBB_6L       19  [TILE 0 0, RBB 13 16]        881     r            3598                                                                                                        
   clk                              Clock net    25           (fanout=263)      -1029                     -                                                                                                        
   clk                              CLOCK-PORT    -                      -    capture     r            2569                                                                                                        
   ------------------------------------------------------------------------------------------------------------------------------------------------------------------------------------------------------------------













