Timing Summary
==============

   POST-ROUTE

         Group  No. Clocks  No. Clock Pairs  WNS(ps)  TNS(ps)  TNS Endpoints      
   -----------  ----------  ---------------  -------  -------  -------------      
    <UDEF_clk>           1                1    -5758  -129096             55      




Clocks
======

            Clock    Clock net        Group  Constrained Period(ps)      Waveform(ps)   Achievable Period(ps)  Achievable Frequency(MHz)
   --------------  -----------  -----------  ----------------------  -----------------  ---------------------  -------------------------
              clk          clk   <UDEF_clk>           (auto) 2000            (0,1000)                   7757                    128.916 




Clock Relationships
===================

       From Clock        To Clock               Group    Endpoints     WNS(ps)    TNS(ps)  TNS Endpoints
   --------------  --------------  ------------------  -----------  ----------  ---------  -------------
              clk             clk          <UDEF_clk>           55       -5758    -129096             55




Timing Details for Clock Pair clk and clk
=========================================

       From Clock        To Clock               Group    Endpoints     WNS(ps)    TNS(ps)  TNS Endpoints
   --------------  --------------  ------------------  -----------  ----------  ---------  -------------
              clk             clk          <UDEF_clk>           55       -5758    -129096             55

Path 9:
   Slack (not met):                         -5758ps
     Path type:                               SETUP
     Group:                              <UDEF_clk>
     Launching clock:                           clk (rising edge)
     Capturing clock:                           clk (rising edge)

     Requested period:                       2000ps
   + Delay of the capturing clock:           2303ps
   - Clock uncertainty:                       150ps
   = Required time:                          4153ps
   - Propagation time:                       7587ps (52.4% logic, 47.6% route, logic stage 3)
   - Delay of the launching clock:           2324ps
   = Slack:                                 -5758ps

   Instance/Pin or Net Name         Type         ID     Location or Fanout   Delay(ps)  Edge  Arrival Time(ps)    Instance detail                                                                    
   ----------------------------------------------------------------------------------------------------------------------------------------------------------------------------------------------------
   clk                              CLOCK-PORT    -                      -     launch     r               0                                                                                          
   clk                              Clock net    25           (fanout=263)       2324                     -                                                                                          
   RBB_19/CLK                       RBB_6L       19  [TILE 0 0, RBB 13 16]          -     r            2324                                                                                          
   ----------------------------------------------------------------------------------------------------------------------------------------------------------------------------------------------------
   RBB_19/CQ                        RBB_6L       19  [TILE 0 0, RBB 13 16]        800     r            3124     {inst60: state_FDRE_Q_2 (FDRE,site=cff)}                                             
   state_FDRE_Q_4_D_LUT6_O_1_I4[1]  Net          38             (fanout=8)       1378                     -                                                                                          
   RBB_18/B5                        RBB_6L       18  [TILE 0 0, RBB 13 12]          -     r            4502                                                                                          
   RBB_18/B                         RBB_6L       18  [TILE 0 0, RBB 13 12]        731     r            5233     {inst74: trigger_FDRE_Q_CE_LUT4_O (LUT,site=blut)}                                   
   trigger_FDRE_Q_CE[5]             Net          41             (fanout=2)        640                     -                                                                                          
   RBB_18/C1                        RBB_6L       18  [TILE 0 0, RBB 13 12]          -     r            5873                                                                                          
   RBB_18/C                         RBB_6L       18  [TILE 0 0, RBB 13 12]        611     r            6484     {inst57: raw_chunk[0]_FDRE_Q_R_LUT2_O (LUT,site=clut)}                               
   raw_chunk[0]_FDRE_Q_R            Net          24             (fanout=3)       1590                     -                                                                                          
   RBB_2/SR                         IOB           2   [TILE 0 0, RBB 0 10]          -     r            8074     {(input_port) inst79: g_79_id00033_ibuf (IO)} {inst55: raw_chunk[0]_FDRE_Q_2 (FDRE)} 
   ----------------------------------------------------------------------------------------------------------------------------------------------------------------------------------------------------
   RBB_2/CLK                        IOB           2   [TILE 0 0, RBB 0 10]       1837     r            9911                                                                                          
   clk                              Clock net    25           (fanout=263)      -2303                     -                                                                                          
   clk                              CLOCK-PORT    -                      -    capture     r            7608                                                                                          
   ----------------------------------------------------------------------------------------------------------------------------------------------------------------------------------------------------


Path 10:
   Slack (not met):                         -5691ps
     Path type:                               SETUP
     Group:                              <UDEF_clk>
     Launching clock:                           clk (rising edge)
     Capturing clock:                           clk (rising edge)

     Requested period:                       2000ps
   + Delay of the capturing clock:           2303ps
   - Clock uncertainty:                       150ps
   = Required time:                          4153ps
   - Propagation time:                       7520ps (52.7% logic, 47.3% route, logic stage 3)
   - Delay of the launching clock:           2324ps
   = Slack:                                 -5691ps

   Instance/Pin or Net Name   Type         ID     Location or Fanout   Delay(ps)  Edge  Arrival Time(ps)    Instance detail                                                                    
   ----------------------------------------------------------------------------------------------------------------------------------------------------------------------------------------------
   clk                        CLOCK-PORT    -                      -     launch     r               0                                                                                          
   clk                        Clock net    25           (fanout=263)       2324                     -                                                                                          
   RBB_19/CLK                 RBB_6L       19  [TILE 0 0, RBB 13 16]          -     r            2324                                                                                          
   ----------------------------------------------------------------------------------------------------------------------------------------------------------------------------------------------
   RBB_19/BQ                  RBB_6L       19  [TILE 0 0, RBB 13 16]        800     r            3124     {inst62: state_FDRE_Q_4 (FDRE,site=bff)}                                             
   ctrl_d_LUT5_I1_I3[1]       Net          33            (fanout=10)       1330                     -                                                                                          
   RBB_18/A5                  RBB_6L       18  [TILE 0 0, RBB 13 12]          -     r            4454                                                                                          
   RBB_18/A                   RBB_6L       18  [TILE 0 0, RBB 13 12]        704     r            5158     {inst52: dac_LUT5_I0 (LUT,site=alut)}                                                
   trigger_FDRE_Q_CE[4]       Net          40             (fanout=1)        649                     -                                                                                          
   RBB_18/D3                  RBB_6L       18  [TILE 0 0, RBB 13 12]          -     r            5807                                                                                          
   RBB_18/D                   RBB_6L       18  [TILE 0 0, RBB 13 12]        599     r            6406     {inst56: raw_chunk[0]_FDRE_Q_CE_LUT6_O (LUT,site=dlut,dluto)}                        
   raw_chunk[0]_FDRE_Q_CE     Net          36             (fanout=3)       1580                     -                                                                                          
   RBB_2/CE                   IOB           2   [TILE 0 0, RBB 0 10]          -     r            7986     {(input_port) inst79: g_79_id00033_ibuf (IO)} {inst55: raw_chunk[0]_FDRE_Q_2 (FDRE)} 
   ----------------------------------------------------------------------------------------------------------------------------------------------------------------------------------------------
   RBB_2/CLK                  IOB           2   [TILE 0 0, RBB 0 10]       1858     r            9844                                                                                          
   clk                        Clock net    25           (fanout=263)      -2303                     -                                                                                          
   clk                        CLOCK-PORT    -                      -    capture     r            7541                                                                                          
   ----------------------------------------------------------------------------------------------------------------------------------------------------------------------------------------------


Path 11:
   Slack (not met):                         -5251ps
     Path type:                               SETUP
     Group:                              <UDEF_clk>
     Launching clock:                           clk (rising edge)
     Capturing clock:                           clk (rising edge)

     Requested period:                       2000ps
   + Delay of the capturing clock:           2353ps
   - Clock uncertainty:                       150ps
   = Required time:                          4203ps
   - Propagation time:                       7130ps (44.8% logic, 55.2% route, logic stage 3)
   - Delay of the launching clock:           2324ps
   = Slack:                                 -5251ps

   Instance/Pin or Net Name         Type         ID     Location or Fanout   Delay(ps)  Edge  Arrival Time(ps)    Instance detail                                                                  
   --------------------------------------------------------------------------------------------------------------------------------------------------------------------------------------------------
   clk                              CLOCK-PORT    -                      -     launch     r               0                                                                                        
   clk                              Clock net    25           (fanout=263)       2324                     -                                                                                        
   RBB_19/CLK                       RBB_6L       19  [TILE 0 0, RBB 13 16]          -     r            2324                                                                                        
   --------------------------------------------------------------------------------------------------------------------------------------------------------------------------------------------------
   RBB_19/CQ                        RBB_6L       19  [TILE 0 0, RBB 13 16]        800     r            3124     {inst60: state_FDRE_Q_2 (FDRE,site=cff)}                                           
   state_FDRE_Q_4_D_LUT6_O_1_I4[1]  Net          38             (fanout=8)       1378                     -                                                                                        
   RBB_18/B5                        RBB_6L       18  [TILE 0 0, RBB 13 12]          -     r            4502                                                                                        
   RBB_18/B                         RBB_6L       18  [TILE 0 0, RBB 13 12]        731     r            5233     {inst74: trigger_FDRE_Q_CE_LUT4_O (LUT,site=blut)}                                 
   trigger_FDRE_Q_CE[5]             Net          41             (fanout=2)        640                     -                                                                                        
   RBB_18/C1                        RBB_6L       18  [TILE 0 0, RBB 13 12]          -     r            5873                                                                                        
   RBB_18/C                         RBB_6L       18  [TILE 0 0, RBB 13 12]        611     r            6484     {inst57: raw_chunk[0]_FDRE_Q_R_LUT2_O (LUT,site=clut)}                             
   raw_chunk[0]_FDRE_Q_R            Net          24             (fanout=3)       1921                     -                                                                                        
   RBB_3/SR                         IOB           3   [TILE 0 0, RBB 0 22]          -     r            8405     {(input_port) inst81: g_81_id00031_ibuf (IO)} {inst53: raw_chunk[0]_FDRE_Q (FDRE)} 
   --------------------------------------------------------------------------------------------------------------------------------------------------------------------------------------------------
   RBB_3/CLK                        IOB           3   [TILE 0 0, RBB 0 22]       1049     r            9454                                                                                        
   clk                              Clock net    25           (fanout=263)      -2353                     -                                                                                        
   clk                              CLOCK-PORT    -                      -    capture     r            7101                                                                                        
   --------------------------------------------------------------------------------------------------------------------------------------------------------------------------------------------------













